Generate the report at 2024-09-25T09:09:29, GitVersion: aa25008b3778a76ae1975c839d4cc459f7f7b3b7.
+-----------------+-------------+------------+------------+---------------+-------+-------+-----------+
| Endpoint        | Clock Group | Delay Type | Path Delay | Path Required | CPPR  | Slack | Freq(MHz) |
+-----------------+-------------+------------+------------+---------------+-------+-------+-----------+
| outfifo/_415_:D | core_clock  | max        | 2.338f     | 9.961         | 0.000 | 7.622 | 420.589   |
| outfifo/_399_:D | core_clock  | max        | 2.338f     | 9.961         | 0.000 | 7.623 | 420.749   |
| outfifo/_414_:D | core_clock  | max        | 2.337f     | 9.961         | 0.000 | 7.623 | 420.763   |
| outfifo/_393_:D | core_clock  | min        | 0.134f     | 0.002         | 0.000 | 0.133 | NA        |
| outfifo/_392_:D | core_clock  | min        | 0.134f     | 0.002         | 0.000 | 0.133 | NA        |
| infifo/_391_:D  | core_clock  | min        | 0.134f     | 0.002         | 0.000 | 0.133 | NA        |
+-----------------+-------------+------------+------------+---------------+-------+-------+-----------+
+------------+------------+-------+
| Clock      | Delay Type | TNS   |
+------------+------------+-------+
| core_clock | max        | 0.000 |
| core_clock | min        | 0.000 |
+------------+------------+-------+
+-------------------------------+--------+-------------+------------+------------+-------------+--------+-----------------+
| Point                         | Fanout | Capacitance | Resistance | Transition | Delta Delay | Incr   | Path            |
+-------------------------------+--------+-------------+------------+------------+-------------+--------+-----------------+
| CLK (port)                    |        | 0.186       | 0.000      | 0.000      |             | 0.000  | 0.000r          |
| CLK (clock net)               | 196    |             |            |            | NA          |        |                 |
| _9148_:CK (DFF_X1)            |        | 0.001       | 0.000      | 0.000      |             | 0.000  | 0.000r          |
| clock core_clock (rise edge)  |        |             |            |            |             | 0      | 0               |
| clock network delay (ideal)   |        |             |            |            |             | 0.000  | 0.000           |
| _9148_:CK (DFF_X1)            |        | 0.001       | 0.000      | 0.000      |             | 0.000  | 0.000r          |
| _9148_:Q (DFF_X1)             |        | 0.001       | 0.000      | 0.007      |             | 0.084  | 0.084r          |
| r3[15] (net)                  | 1      |             |            |            | 0.000       |        |                 |
| _9039_:A (BUF_X1)             |        | 0.001       | 0.000      | 0.007      |             | 0.000  | 0.084r          |
| _9039_:Z (BUF_X1)             |        | 0.030       | 0.000      | 0.074      |             | 0.092  | 0.176r          |
| _4545_ (net)                  | 17     |             |            |            | 0.000       |        |                 |
| fanout_buf_10:A (BUF_X8)      |        | 0.007       | 0.000      | 0.074      |             | 0.000  | 0.176r          |
| fanout_buf_10:Z (BUF_X8)      |        | 0.048       | 0.000      | 0.018      |             | 0.042  | 0.218r          |
| fanout_net_10 (net)           | 30     |             |            |            | 0.000       |        |                 |
| _4922_:A (INV_X1)             |        | 0.002       | 0.000      | 0.018      |             | 0.000  | 0.218r          |
| _4922_:ZN (INV_X1)            |        | 0.014       | 0.000      | 0.016      |             | 0.030  | 0.248f          |
| _4181_ (net)                  | 8      |             |            |            | 0.000       |        |                 |
| _4959_:A1 (NAND2_X1)          |        | 0.002       | 0.000      | 0.016      |             | 0.000  | 0.248f          |
| _4959_:ZN (NAND2_X1)          |        | 0.002       | 0.000      | 0.010      |             | 0.019  | 0.267r          |
| _4218_ (net)                  | 1      |             |            |            | 0.000       |        |                 |
| _4960_:A2 (AND2_X2)           |        | 0.002       | 0.000      | 0.010      |             | 0.000  | 0.267r          |
| _4960_:ZN (AND2_X2)           |        | 0.003       | 0.000      | 0.009      |             | 0.032  | 0.298r          |
| _4219_ (net)                  | 1      |             |            |            | 0.000       |        |                 |
| _4961_:A (BUF_X4)             |        | 0.003       | 0.000      | 0.009      |             | 0.000  | 0.298r          |
| _4961_:Z (BUF_X4)             |        | 0.018       | 0.000      | 0.013      |             | 0.028  | 0.326r          |
| _4220_ (net)                  | 9      |             |            |            | 0.000       |        |                 |
| _5058_:A (INV_X2)             |        | 0.003       | 0.000      | 0.013      |             | 0.000  | 0.326r          |
| _5058_:ZN (INV_X2)            |        | 0.008       | 0.000      | 0.008      |             | 0.014  | 0.340f          |
| _4317_ (net)                  | 3      |             |            |            | 0.000       |        |                 |
| _5059_:B (XNOR2_X2)           |        | 0.005       | 0.000      | 0.008      |             | 0.000  | 0.340f          |
| _5059_:ZN (XNOR2_X2)          |        | 0.006       | 0.000      | 0.025      |             | 0.038  | 0.379r          |
| _4318_ (net)                  | 3      |             |            |            | 0.000       |        |                 |
| _5060_:A (INV_X1)             |        | 0.002       | 0.000      | 0.025      |             | 0.000  | 0.379r          |
| _5060_:ZN (INV_X1)            |        | 0.004       | 0.000      | 0.010      |             | 0.016  | 0.395f          |
| _4319_ (net)                  | 2      |             |            |            | 0.000       |        |                 |
| _5064_:B1 (OAI21_X1)          |        | 0.002       | 0.000      | 0.010      |             | 0.000  | 0.395f          |
| _5064_:ZN (OAI21_X1)          |        | 0.006       | 0.000      | 0.043      |             | 0.054  | 0.449r          |
| _4323_ (net)                  | 2      |             |            |            | 0.000       |        |                 |
| _5065_:B (XOR2_X2)            |        | 0.005       | 0.000      | 0.043      |             | 0.000  | 0.449r          |
| _5065_:Z (XOR2_X2)            |        | 0.004       | 0.000      | 0.023      |             | 0.055  | 0.505r          |
| _4324_ (net)                  | 2      |             |            |            | 0.000       |        |                 |
| _5066_:A (XOR2_X1)            |        | 0.002       | 0.000      | 0.023      |             | 0.000  | 0.505r          |
| _5066_:Z (XOR2_X1)            |        | 0.004       | 0.000      | 0.032      |             | 0.061  | 0.566r          |
| _4325_ (net)                  | 2      |             |            |            | 0.000       |        |                 |
| _5076_:A (XOR2_X1)            |        | 0.002       | 0.000      | 0.032      |             | 0.000  | 0.566r          |
| _5076_:Z (XOR2_X1)            |        | 0.004       | 0.000      | 0.032      |             | 0.063  | 0.629r          |
| _4335_ (net)                  | 2      |             |            |            | 0.000       |        |                 |
| _5086_:A (XOR2_X1)            |        | 0.002       | 0.000      | 0.032      |             | 0.000  | 0.629r          |
| _5086_:Z (XOR2_X1)            |        | 0.004       | 0.000      | 0.032      |             | 0.063  | 0.692r          |
| _4345_ (net)                  | 2      |             |            |            | 0.000       |        |                 |
| _5099_:A (XOR2_X1)            |        | 0.002       | 0.000      | 0.032      |             | 0.000  | 0.692r          |
| _5099_:Z (XOR2_X1)            |        | 0.004       | 0.000      | 0.032      |             | 0.063  | 0.755r          |
| _4358_ (net)                  | 2      |             |            |            | 0.000       |        |                 |
| _5101_:A (XOR2_X1)            |        | 0.002       | 0.000      | 0.032      |             | 0.000  | 0.755r          |
| _5101_:Z (XOR2_X1)            |        | 0.004       | 0.000      | 0.032      |             | 0.063  | 0.818r          |
| _4360_ (net)                  | 2      |             |            |            | 0.000       |        |                 |
| _5110_:A (XNOR2_X1)           |        | 0.002       | 0.000      | 0.032      |             | 0.000  | 0.818r          |
| _5110_:ZN (XNOR2_X1)          |        | 0.003       | 0.000      | 0.014      |             | 0.026  | 0.843f          |
| _4369_ (net)                  | 2      |             |            |            | 0.000       |        |                 |
| _5116_:A (XOR2_X1)            |        | 0.002       | 0.000      | 0.014      |             | 0.000  | 0.843f          |
| _5116_:Z (XOR2_X1)            |        | 0.004       | 0.000      | 0.014      |             | 0.056  | 0.900f          |
| _4375_ (net)                  | 2      |             |            |            | 0.000       |        |                 |
| _5120_:A (XOR2_X1)            |        | 0.002       | 0.000      | 0.014      |             | 0.000  | 0.900f          |
| _5120_:Z (XOR2_X1)            |        | 0.004       | 0.000      | 0.014      |             | 0.056  | 0.956f          |
| _4379_ (net)                  | 2      |             |            |            | 0.000       |        |                 |
| _5122_:A2 (NAND3_X1)          |        | 0.002       | 0.000      | 0.014      |             | 0.000  | 0.956f          |
| _5122_:ZN (NAND3_X1)          |        | 0.002       | 0.000      | 0.013      |             | 0.021  | 0.977r          |
| _4381_ (net)                  | 1      |             |            |            | 0.000       |        |                 |
| _5124_:A1 (AND2_X2)           |        | 0.002       | 0.000      | 0.013      |             | 0.000  | 0.977r          |
| _5124_:ZN (AND2_X2)           |        | 0.009       | 0.000      | 0.014      |             | 0.038  | 1.016r          |
| _4383_ (net)                  | 2      |             |            |            | 0.000       |        |                 |
| _5165_:A1 (NOR3_X4)           |        | 0.007       | 0.000      | 0.014      |             | 0.000  | 1.016r          |
| _5165_:ZN (NOR3_X4)           |        | 0.004       | 0.000      | 0.015      |             | 0.010  | 1.026f          |
| _4424_ (net)                  | 2      |             |            |            | 0.000       |        |                 |
| _5166_:A1 (OR2_X4)            |        | 0.003       | 0.000      | 0.015      |             | 0.000  | 1.026f          |
| _5166_:ZN (OR2_X4)            |        | 0.004       | 0.000      | 0.008      |             | 0.042  | 1.067f          |
| _4425_ (net)                  | 1      |             |            |            | 0.000       |        |                 |
| _5210_:A (XNOR2_X2)           |        | 0.004       | 0.000      | 0.008      |             | 0.000  | 1.067f          |
| _5210_:ZN (XNOR2_X2)          |        | 0.006       | 0.000      | 0.025      |             | 0.033  | 1.101r          |
| _4469_ (net)                  | 3      |             |            |            | 0.000       |        |                 |
| _5234_:A1 (AND2_X4)           |        | 0.003       | 0.000      | 0.025      |             | 0.000  | 1.101r          |
| _5234_:ZN (AND2_X4)           |        | 0.006       | 0.000      | 0.008      |             | 0.034  | 1.134r          |
| _4493_ (net)                  | 3      |             |            |            | 0.000       |        |                 |
| _5235_:A (INV_X2)             |        | 0.003       | 0.000      | 0.008      |             | 0.000  | 1.134r          |
| _5235_:ZN (INV_X2)            |        | 0.003       | 0.000      | 0.004      |             | 0.008  | 1.142f          |
| _4494_ (net)                  | 1      |             |            |            | 0.000       |        |                 |
| _5288_:A1 (NOR2_X2)           |        | 0.003       | 0.000      | 0.004      |             | 0.000  | 1.142f          |
| _5288_:ZN (NOR2_X2)           |        | 0.003       | 0.000      | 0.017      |             | 0.023  | 1.165r          |
| _0558_ (net)                  | 2      |             |            |            | 0.000       |        |                 |
| _5340_:A1 (AND2_X2)           |        | 0.002       | 0.000      | 0.017      |             | 0.000  | 1.165r          |
| _5340_:ZN (AND2_X2)           |        | 0.003       | 0.000      | 0.009      |             | 0.033  | 1.198r          |
| _0610_ (net)                  | 1      |             |            |            | 0.000       |        |                 |
| _5341_:A (INV_X2)             |        | 0.003       | 0.000      | 0.009      |             | 0.000  | 1.198r          |
| _5341_:ZN (INV_X2)            |        | 0.002       | 0.000      | 0.004      |             | 0.007  | 1.206f          |
| _0611_ (net)                  | 2      |             |            |            | 0.000       |        |                 |
| _5396_:A1 (NOR2_X1)           |        | 0.002       | 0.000      | 0.004      |             | 0.000  | 1.206f          |
| _5396_:ZN (NOR2_X1)           |        | 0.003       | 0.000      | 0.026      |             | 0.033  | 1.239r          |
| _0666_ (net)                  | 2      |             |            |            | 0.000       |        |                 |
| _5730_:A (INV_X1)             |        | 0.002       | 0.000      | 0.026      |             | 0.000  | 1.239r          |
| _5730_:ZN (INV_X1)            |        | 0.004       | 0.000      | 0.010      |             | 0.017  | 1.255f          |
| _1000_ (net)                  | 2      |             |            |            | 0.000       |        |                 |
| _5734_:A1 (NOR2_X2)           |        | 0.003       | 0.000      | 0.010      |             | 0.000  | 1.255f          |
| _5734_:ZN (NOR2_X2)           |        | 0.005       | 0.000      | 0.022      |             | 0.028  | 1.283r          |
| _1004_ (net)                  | 3      |             |            |            | 0.000       |        |                 |
| _5735_:A (INV_X1)             |        | 0.002       | 0.000      | 0.022      |             | 0.000  | 1.283r          |
| _5735_:ZN (INV_X1)            |        | 0.003       | 0.000      | 0.008      |             | 0.014  | 1.297f          |
| _1005_ (net)                  | 2      |             |            |            | 0.000       |        |                 |
| _5737_:A2 (OR3_X2)            |        | 0.002       | 0.000      | 0.008      |             | 0.000  | 1.297f          |
| _5737_:ZN (OR3_X2)            |        | 0.001       | 0.000      | 0.012      |             | 0.069  | 1.366f          |
| _1007_ (net)                  | 1      |             |            |            | 0.000       |        |                 |
| _5742_:A1 (NOR2_X1)           |        | 0.002       | 0.000      | 0.012      |             | 0.000  | 1.366f          |
| _5742_:ZN (NOR2_X1)           |        | 0.001       | 0.000      | 0.013      |             | 0.021  | 1.387r          |
| _1012_ (net)                  | 1      |             |            |            | 0.000       |        |                 |
| _5747_:A1 (AND2_X1)           |        | 0.001       | 0.000      | 0.013      |             | 0.000  | 1.387r          |
| _5747_:ZN (AND2_X1)           |        | 0.002       | 0.000      | 0.010      |             | 0.033  | 1.420r          |
| _1017_ (net)                  | 1      |             |            |            | 0.000       |        |                 |
| _5749_:A1 (AND2_X2)           |        | 0.002       | 0.000      | 0.010      |             | 0.000  | 1.420r          |
| _5749_:ZN (AND2_X2)           |        | 0.004       | 0.000      | 0.009      |             | 0.030  | 1.451r          |
| _1019_ (net)                  | 1      |             |            |            | 0.000       |        |                 |
| _5750_:A2 (AND2_X4)           |        | 0.004       | 0.000      | 0.009      |             | 0.000  | 1.451r          |
| _5750_:ZN (AND2_X4)           |        | 0.015       | 0.000      | 0.013      |             | 0.036  | 1.486r          |
| _1020_ (net)                  | 5      |             |            |            | 0.000       |        |                 |
| _5803_:A1 (AND2_X4)           |        | 0.003       | 0.000      | 0.013      |             | 0.000  | 1.486r          |
| _5803_:ZN (AND2_X4)           |        | 0.011       | 0.000      | 0.012      |             | 0.034  | 1.520r          |
| _1073_ (net)                  | 3      |             |            |            | 0.000       |        |                 |
| _5804_:A1 (NOR2_X4)           |        | 0.007       | 0.000      | 0.012      |             | 0.000  | 1.520r          |
| _5804_:ZN (NOR2_X4)           |        | 0.017       | 0.000      | 0.015      |             | 0.014  | 1.534f          |
| _1074_ (net)                  | 3      |             |            |            | 0.000       |        |                 |
| _7312_:A (BUF_X8)             |        | 0.007       | 0.000      | 0.015      |             | 0.000  | 1.534f          |
| _7312_:Z (BUF_X8)             |        | 0.021       | 0.000      | 0.007      |             | 0.031  | 1.565f          |
| _2582_ (net)                  | 10     |             |            |            | 0.000       |        |                 |
| _7380_:C1 (AOI211_X2)         |        | 0.003       | 0.000      | 0.007      |             | 0.000  | 1.565f          |
| _7380_:ZN (AOI211_X2)         |        | 0.003       | 0.000      | 0.039      |             | 0.035  | 1.600r          |
| _2650_ (net)                  | 2      |             |            |            | 0.000       |        |                 |
| _7381_:B1 (OAI21_X1)          |        | 0.002       | 0.000      | 0.039      |             | 0.000  | 1.600r          |
| _7381_:ZN (OAI21_X1)          |        | 0.005       | 0.000      | 0.020      |             | 0.033  | 1.633f          |
| _2651_ (net)                  | 4      |             |            |            | 0.000       |        |                 |
| _7383_:A1 (NAND2_X1)          |        | 0.002       | 0.000      | 0.020      |             | 0.000  | 1.633f          |
| _7383_:ZN (NAND2_X1)          |        | 0.006       | 0.000      | 0.021      |             | 0.033  | 1.666r          |
| _2653_ (net)                  | 2      |             |            |            | 0.000       |        |                 |
| _7384_:B (XOR2_X2)            |        | 0.005       | 0.000      | 0.021      |             | 0.000  | 1.666r          |
| _7384_:Z (XOR2_X2)            |        | 0.004       | 0.000      | 0.023      |             | 0.051  | 1.717r          |
| _2654_ (net)                  | 2      |             |            |            | 0.000       |        |                 |
| _7475_:A (XOR2_X1)            |        | 0.002       | 0.000      | 0.023      |             | 0.000  | 1.717r          |
| _7475_:Z (XOR2_X1)            |        | 0.004       | 0.000      | 0.032      |             | 0.061  | 1.778r          |
| _2745_ (net)                  | 2      |             |            |            | 0.000       |        |                 |
| _7486_:A (XOR2_X1)            |        | 0.002       | 0.000      | 0.032      |             | 0.000  | 1.778r          |
| _7486_:Z (XOR2_X1)            |        | 0.003       | 0.000      | 0.032      |             | 0.063  | 1.841r          |
| _2756_ (net)                  | 2      |             |            |            | 0.000       |        |                 |
| _7487_:A (INV_X1)             |        | 0.002       | 0.000      | 0.032      |             | 0.000  | 1.841r          |
| _7487_:ZN (INV_X1)            |        | 0.003       | 0.000      | 0.010      |             | 0.016  | 1.857f          |
| _2757_ (net)                  | 1      |             |            |            | 0.000       |        |                 |
| _7497_:A1 (NOR3_X2)           |        | 0.003       | 0.000      | 0.010      |             | 0.000  | 1.857f          |
| _7497_:ZN (NOR3_X2)           |        | 0.003       | 0.000      | 0.026      |             | 0.033  | 1.890r          |
| _2767_ (net)                  | 2      |             |            |            | 0.000       |        |                 |
| _7688_:A1 (AND4_X1)           |        | 0.001       | 0.000      | 0.026      |             | 0.000  | 1.890r          |
| _7688_:ZN (AND4_X1)           |        | 0.002       | 0.000      | 0.013      |             | 0.057  | 1.947r          |
| _2958_ (net)                  | 1      |             |            |            | 0.000       |        |                 |
| _7690_:A3 (AND4_X2)           |        | 0.002       | 0.000      | 0.013      |             | 0.000  | 1.947r          |
| _7690_:ZN (AND4_X2)           |        | 0.003       | 0.000      | 0.013      |             | 0.056  | 2.003r          |
| _2960_ (net)                  | 1      |             |            |            | 0.000       |        |                 |
| _7691_:A2 (NOR2_X2)           |        | 0.003       | 0.000      | 0.013      |             | 0.000  | 2.003r          |
| _7691_:ZN (NOR2_X2)           |        | 0.008       | 0.000      | 0.009      |             | 0.015  | 2.018f          |
| _2961_ (net)                  | 2      |             |            |            | 0.000       |        |                 |
| _7813_:A (INV_X4)             |        | 0.006       | 0.000      | 0.009      |             | 0.000  | 2.018f          |
| _7813_:ZN (INV_X4)            |        | 0.007       | 0.000      | 0.007      |             | 0.013  | 2.031r          |
| _3084_ (net)                  | 4      |             |            |            | 0.000       |        |                 |
| _8467_:A1 (AND3_X4)           |        | 0.003       | 0.000      | 0.007      |             | 0.000  | 2.031r          |
| _8467_:ZN (AND3_X4)           |        | 0.008       | 0.000      | 0.011      |             | 0.039  | 2.069r          |
| _3771_ (net)                  | 2      |             |            |            | 0.000       |        |                 |
| _8475_:A1 (NOR2_X4)           |        | 0.007       | 0.000      | 0.011      |             | 0.000  | 2.069r          |
| _8475_:ZN (NOR2_X4)           |        | 0.010       | 0.000      | 0.007      |             | 0.011  | 2.081f          |
| _3780_ (net)                  | 3      |             |            |            | 0.000       |        |                 |
| _8634_:A1 (NOR2_X4)           |        | 0.007       | 0.000      | 0.007      |             | 0.000  | 2.081f          |
| _8634_:ZN (NOR2_X4)           |        | 0.008       | 0.000      | 0.020      |             | 0.024  | 2.105r          |
| _3944_ (net)                  | 2      |             |            |            | 0.000       |        |                 |
| _8638_:A1 (NOR2_X4)           |        | 0.007       | 0.000      | 0.020      |             | 0.000  | 2.105r          |
| _8638_:ZN (NOR2_X4)           |        | 0.005       | 0.000      | 0.010      |             | 0.010  | 2.115f          |
| _3948_ (net)                  | 2      |             |            |            | 0.000       |        |                 |
| _8695_:A1 (NOR3_X2)           |        | 0.003       | 0.000      | 0.010      |             | 0.000  | 2.115f          |
| _8695_:ZN (NOR3_X2)           |        | 0.003       | 0.000      | 0.026      |             | 0.033  | 2.148r          |
| _4007_ (net)                  | 2      |             |            |            | 0.000       |        |                 |
| _8715_:B1 (OAI21_X1)          |        | 0.002       | 0.000      | 0.026      |             | 0.000  | 2.148r          |
| _8715_:ZN (OAI21_X1)          |        | 0.002       | 0.000      | 0.014      |             | 0.021  | 2.169f          |
| _4028_ (net)                  | 2      |             |            |            | 0.000       |        |                 |
| _8718_:A1 (NAND2_X1)          |        | 0.002       | 0.000      | 0.014      |             | 0.000  | 2.169f          |
| _8718_:ZN (NAND2_X1)          |        | 0.002       | 0.000      | 0.012      |             | 0.020  | 2.189r          |
| _4030_ (net)                  | 1      |             |            |            | 0.000       |        |                 |
| _8731_:A (XNOR2_X1)           |        | 0.002       | 0.000      | 0.012      |             | 0.000  | 2.189r          |
| _8731_:ZN (XNOR2_X1)          |        | 0.001       | 0.000      | 0.011      |             | 0.013  | 2.202f          |
| _4510_ (net)                  | 1      |             |            |            | 0.000       |        |                 |
| _9084_:A (BUF_X1)             |        | 0.001       | 0.000      | 0.011      |             | 0.000  | 2.202f          |
| _9084_:Z (BUF_X1)             |        | 0.001       | 0.000      | 0.005      |             | 0.026  | 2.229f          |
| outfifo$D_IN[15] (net)        | 1      |             |            |            | 0.000       |        |                 |
| outfifo/_347_:A (BUF_X1)      |        | 0.001       | 0.000      | 0.005      |             | 0.000  | 2.229f          |
| outfifo/_347_:Z (BUF_X1)      |        | 0.002       | 0.000      | 0.007      |             | 0.027  | 2.256f          |
| outfifo/_094_ (net)           | 2      |             |            |            | 0.000       |        |                 |
| outfifo/_234_:A (MUX2_X1)     |        | 0.001       | 0.000      | 0.007      |             | 0.000  | 2.256f          |
| outfifo/_234_:Z (MUX2_X1)     |        | 0.001       | 0.000      | 0.009      |             | 0.055  | 2.311f          |
| outfifo/_074_ (net)           | 1      |             |            |            | 0.000       |        |                 |
| outfifo/_349_:A (BUF_X1)      |        | 0.001       | 0.000      | 0.009      |             | 0.000  | 2.311f          |
| outfifo/_349_:Z (BUF_X1)      |        | 0.001       | 0.000      | 0.006      |             | 0.028  | 2.338f          |
| outfifo/_022_ (net)           | 1      |             |            |            | 0.000       |        |                 |
| outfifo/_415_:D (DFF_X1)      |        | 0.001       | 0.000      | 0.006      |             | 0.000  | 2.338f          |
|                               |        |             |            |            |             |        |                 |
| CLK (port)                    |        | 0.186       | 0.000      | 0.000      |             | 0.000  | 0.000r          |
| CLK (clock net)               | 196    |             |            |            | NA          |        |                 |
| outfifo/_415_:CK (DFF_X1)     |        | 0.001       | 0.000      | 0.000      |             | 0.000  | 0.000r          |
| clock core_clock (rise edge)  |        |             |            |            |             | 10     | 10              |
| clock network delay (ideal)   |        |             |            |            |             | 0.000  | 10.000          |
| outfifo/_415_:CK (DFF_X1)     |        |             |            |            |             |        | 10.000r         |
| library setup time            |        |             |            |            |             | -0.039 | 9.961           |
| clock reconvergence pessimism |        |             |            |            |             | 0.000  | 9.961           |
|                               |        |             |            |            |             |        |                 |
| path cell delay               |        |             |            |            |             |        | 2.338(100.000%) |
| path net delay                |        |             |            |            |             |        | 0.000(0.000%)   |
|                               |        |             |            |            |             |        |                 |
| data require time             |        |             |            |            |             |        | 9.961           |
| data arrival time             |        |             |            |            |             |        | 2.338           |
| slack (MET)                   |        |             |            |            |             |        | 7.622           |
+-------------------------------+--------+-------------+------------+------------+-------------+--------+-----------------+
+-------------------------------+--------+-------------+------------+------------+-------------+--------+-----------------+
| Point                         | Fanout | Capacitance | Resistance | Transition | Delta Delay | Incr   | Path            |
+-------------------------------+--------+-------------+------------+------------+-------------+--------+-----------------+
| CLK (port)                    |        | 0.186       | 0.000      | 0.000      |             | 0.000  | 0.000r          |
| CLK (clock net)               | 196    |             |            |            | NA          |        |                 |
| _9148_:CK (DFF_X1)            |        | 0.001       | 0.000      | 0.000      |             | 0.000  | 0.000r          |
| clock core_clock (rise edge)  |        |             |            |            |             | 0      | 0               |
| clock network delay (ideal)   |        |             |            |            |             | 0.000  | 0.000           |
| _9148_:CK (DFF_X1)            |        | 0.001       | 0.000      | 0.000      |             | 0.000  | 0.000r          |
| _9148_:Q (DFF_X1)             |        | 0.001       | 0.000      | 0.007      |             | 0.084  | 0.084r          |
| r3[15] (net)                  | 1      |             |            |            | 0.000       |        |                 |
| _9039_:A (BUF_X1)             |        | 0.001       | 0.000      | 0.007      |             | 0.000  | 0.084r          |
| _9039_:Z (BUF_X1)             |        | 0.030       | 0.000      | 0.074      |             | 0.092  | 0.176r          |
| _4545_ (net)                  | 17     |             |            |            | 0.000       |        |                 |
| fanout_buf_10:A (BUF_X8)      |        | 0.007       | 0.000      | 0.074      |             | 0.000  | 0.176r          |
| fanout_buf_10:Z (BUF_X8)      |        | 0.048       | 0.000      | 0.018      |             | 0.042  | 0.218r          |
| fanout_net_10 (net)           | 30     |             |            |            | 0.000       |        |                 |
| _4922_:A (INV_X1)             |        | 0.002       | 0.000      | 0.018      |             | 0.000  | 0.218r          |
| _4922_:ZN (INV_X1)            |        | 0.014       | 0.000      | 0.016      |             | 0.030  | 0.248f          |
| _4181_ (net)                  | 8      |             |            |            | 0.000       |        |                 |
| _4959_:A1 (NAND2_X1)          |        | 0.002       | 0.000      | 0.016      |             | 0.000  | 0.248f          |
| _4959_:ZN (NAND2_X1)          |        | 0.002       | 0.000      | 0.010      |             | 0.019  | 0.267r          |
| _4218_ (net)                  | 1      |             |            |            | 0.000       |        |                 |
| _4960_:A2 (AND2_X2)           |        | 0.002       | 0.000      | 0.010      |             | 0.000  | 0.267r          |
| _4960_:ZN (AND2_X2)           |        | 0.003       | 0.000      | 0.009      |             | 0.032  | 0.298r          |
| _4219_ (net)                  | 1      |             |            |            | 0.000       |        |                 |
| _4961_:A (BUF_X4)             |        | 0.003       | 0.000      | 0.009      |             | 0.000  | 0.298r          |
| _4961_:Z (BUF_X4)             |        | 0.018       | 0.000      | 0.013      |             | 0.028  | 0.326r          |
| _4220_ (net)                  | 9      |             |            |            | 0.000       |        |                 |
| _5058_:A (INV_X2)             |        | 0.003       | 0.000      | 0.013      |             | 0.000  | 0.326r          |
| _5058_:ZN (INV_X2)            |        | 0.008       | 0.000      | 0.008      |             | 0.014  | 0.340f          |
| _4317_ (net)                  | 3      |             |            |            | 0.000       |        |                 |
| _5059_:B (XNOR2_X2)           |        | 0.005       | 0.000      | 0.008      |             | 0.000  | 0.340f          |
| _5059_:ZN (XNOR2_X2)          |        | 0.006       | 0.000      | 0.025      |             | 0.038  | 0.379r          |
| _4318_ (net)                  | 3      |             |            |            | 0.000       |        |                 |
| _5060_:A (INV_X1)             |        | 0.002       | 0.000      | 0.025      |             | 0.000  | 0.379r          |
| _5060_:ZN (INV_X1)            |        | 0.004       | 0.000      | 0.010      |             | 0.016  | 0.395f          |
| _4319_ (net)                  | 2      |             |            |            | 0.000       |        |                 |
| _5064_:B1 (OAI21_X1)          |        | 0.002       | 0.000      | 0.010      |             | 0.000  | 0.395f          |
| _5064_:ZN (OAI21_X1)          |        | 0.006       | 0.000      | 0.043      |             | 0.054  | 0.449r          |
| _4323_ (net)                  | 2      |             |            |            | 0.000       |        |                 |
| _5065_:B (XOR2_X2)            |        | 0.005       | 0.000      | 0.043      |             | 0.000  | 0.449r          |
| _5065_:Z (XOR2_X2)            |        | 0.004       | 0.000      | 0.023      |             | 0.055  | 0.505r          |
| _4324_ (net)                  | 2      |             |            |            | 0.000       |        |                 |
| _5066_:A (XOR2_X1)            |        | 0.002       | 0.000      | 0.023      |             | 0.000  | 0.505r          |
| _5066_:Z (XOR2_X1)            |        | 0.004       | 0.000      | 0.032      |             | 0.061  | 0.566r          |
| _4325_ (net)                  | 2      |             |            |            | 0.000       |        |                 |
| _5076_:A (XOR2_X1)            |        | 0.002       | 0.000      | 0.032      |             | 0.000  | 0.566r          |
| _5076_:Z (XOR2_X1)            |        | 0.004       | 0.000      | 0.032      |             | 0.063  | 0.629r          |
| _4335_ (net)                  | 2      |             |            |            | 0.000       |        |                 |
| _5086_:A (XOR2_X1)            |        | 0.002       | 0.000      | 0.032      |             | 0.000  | 0.629r          |
| _5086_:Z (XOR2_X1)            |        | 0.004       | 0.000      | 0.032      |             | 0.063  | 0.692r          |
| _4345_ (net)                  | 2      |             |            |            | 0.000       |        |                 |
| _5099_:A (XOR2_X1)            |        | 0.002       | 0.000      | 0.032      |             | 0.000  | 0.692r          |
| _5099_:Z (XOR2_X1)            |        | 0.004       | 0.000      | 0.032      |             | 0.063  | 0.755r          |
| _4358_ (net)                  | 2      |             |            |            | 0.000       |        |                 |
| _5101_:A (XOR2_X1)            |        | 0.002       | 0.000      | 0.032      |             | 0.000  | 0.755r          |
| _5101_:Z (XOR2_X1)            |        | 0.004       | 0.000      | 0.032      |             | 0.063  | 0.818r          |
| _4360_ (net)                  | 2      |             |            |            | 0.000       |        |                 |
| _5110_:A (XNOR2_X1)           |        | 0.002       | 0.000      | 0.032      |             | 0.000  | 0.818r          |
| _5110_:ZN (XNOR2_X1)          |        | 0.003       | 0.000      | 0.014      |             | 0.026  | 0.843f          |
| _4369_ (net)                  | 2      |             |            |            | 0.000       |        |                 |
| _5116_:A (XOR2_X1)            |        | 0.002       | 0.000      | 0.014      |             | 0.000  | 0.843f          |
| _5116_:Z (XOR2_X1)            |        | 0.004       | 0.000      | 0.014      |             | 0.056  | 0.900f          |
| _4375_ (net)                  | 2      |             |            |            | 0.000       |        |                 |
| _5120_:A (XOR2_X1)            |        | 0.002       | 0.000      | 0.014      |             | 0.000  | 0.900f          |
| _5120_:Z (XOR2_X1)            |        | 0.004       | 0.000      | 0.014      |             | 0.056  | 0.956f          |
| _4379_ (net)                  | 2      |             |            |            | 0.000       |        |                 |
| _5122_:A2 (NAND3_X1)          |        | 0.002       | 0.000      | 0.014      |             | 0.000  | 0.956f          |
| _5122_:ZN (NAND3_X1)          |        | 0.002       | 0.000      | 0.013      |             | 0.021  | 0.977r          |
| _4381_ (net)                  | 1      |             |            |            | 0.000       |        |                 |
| _5124_:A1 (AND2_X2)           |        | 0.002       | 0.000      | 0.013      |             | 0.000  | 0.977r          |
| _5124_:ZN (AND2_X2)           |        | 0.009       | 0.000      | 0.014      |             | 0.038  | 1.016r          |
| _4383_ (net)                  | 2      |             |            |            | 0.000       |        |                 |
| _5165_:A1 (NOR3_X4)           |        | 0.007       | 0.000      | 0.014      |             | 0.000  | 1.016r          |
| _5165_:ZN (NOR3_X4)           |        | 0.004       | 0.000      | 0.015      |             | 0.010  | 1.026f          |
| _4424_ (net)                  | 2      |             |            |            | 0.000       |        |                 |
| _5166_:A1 (OR2_X4)            |        | 0.003       | 0.000      | 0.015      |             | 0.000  | 1.026f          |
| _5166_:ZN (OR2_X4)            |        | 0.004       | 0.000      | 0.008      |             | 0.042  | 1.067f          |
| _4425_ (net)                  | 1      |             |            |            | 0.000       |        |                 |
| _5210_:A (XNOR2_X2)           |        | 0.004       | 0.000      | 0.008      |             | 0.000  | 1.067f          |
| _5210_:ZN (XNOR2_X2)          |        | 0.006       | 0.000      | 0.025      |             | 0.033  | 1.101r          |
| _4469_ (net)                  | 3      |             |            |            | 0.000       |        |                 |
| _5234_:A1 (AND2_X4)           |        | 0.003       | 0.000      | 0.025      |             | 0.000  | 1.101r          |
| _5234_:ZN (AND2_X4)           |        | 0.006       | 0.000      | 0.008      |             | 0.034  | 1.134r          |
| _4493_ (net)                  | 3      |             |            |            | 0.000       |        |                 |
| _5235_:A (INV_X2)             |        | 0.003       | 0.000      | 0.008      |             | 0.000  | 1.134r          |
| _5235_:ZN (INV_X2)            |        | 0.003       | 0.000      | 0.004      |             | 0.008  | 1.142f          |
| _4494_ (net)                  | 1      |             |            |            | 0.000       |        |                 |
| _5288_:A1 (NOR2_X2)           |        | 0.003       | 0.000      | 0.004      |             | 0.000  | 1.142f          |
| _5288_:ZN (NOR2_X2)           |        | 0.003       | 0.000      | 0.017      |             | 0.023  | 1.165r          |
| _0558_ (net)                  | 2      |             |            |            | 0.000       |        |                 |
| _5340_:A1 (AND2_X2)           |        | 0.002       | 0.000      | 0.017      |             | 0.000  | 1.165r          |
| _5340_:ZN (AND2_X2)           |        | 0.003       | 0.000      | 0.009      |             | 0.033  | 1.198r          |
| _0610_ (net)                  | 1      |             |            |            | 0.000       |        |                 |
| _5341_:A (INV_X2)             |        | 0.003       | 0.000      | 0.009      |             | 0.000  | 1.198r          |
| _5341_:ZN (INV_X2)            |        | 0.002       | 0.000      | 0.004      |             | 0.007  | 1.206f          |
| _0611_ (net)                  | 2      |             |            |            | 0.000       |        |                 |
| _5396_:A1 (NOR2_X1)           |        | 0.002       | 0.000      | 0.004      |             | 0.000  | 1.206f          |
| _5396_:ZN (NOR2_X1)           |        | 0.003       | 0.000      | 0.026      |             | 0.033  | 1.239r          |
| _0666_ (net)                  | 2      |             |            |            | 0.000       |        |                 |
| _5730_:A (INV_X1)             |        | 0.002       | 0.000      | 0.026      |             | 0.000  | 1.239r          |
| _5730_:ZN (INV_X1)            |        | 0.004       | 0.000      | 0.010      |             | 0.017  | 1.255f          |
| _1000_ (net)                  | 2      |             |            |            | 0.000       |        |                 |
| _5734_:A1 (NOR2_X2)           |        | 0.003       | 0.000      | 0.010      |             | 0.000  | 1.255f          |
| _5734_:ZN (NOR2_X2)           |        | 0.005       | 0.000      | 0.022      |             | 0.028  | 1.283r          |
| _1004_ (net)                  | 3      |             |            |            | 0.000       |        |                 |
| _5735_:A (INV_X1)             |        | 0.002       | 0.000      | 0.022      |             | 0.000  | 1.283r          |
| _5735_:ZN (INV_X1)            |        | 0.003       | 0.000      | 0.008      |             | 0.014  | 1.297f          |
| _1005_ (net)                  | 2      |             |            |            | 0.000       |        |                 |
| _5737_:A2 (OR3_X2)            |        | 0.002       | 0.000      | 0.008      |             | 0.000  | 1.297f          |
| _5737_:ZN (OR3_X2)            |        | 0.001       | 0.000      | 0.012      |             | 0.069  | 1.366f          |
| _1007_ (net)                  | 1      |             |            |            | 0.000       |        |                 |
| _5742_:A1 (NOR2_X1)           |        | 0.002       | 0.000      | 0.012      |             | 0.000  | 1.366f          |
| _5742_:ZN (NOR2_X1)           |        | 0.001       | 0.000      | 0.013      |             | 0.021  | 1.387r          |
| _1012_ (net)                  | 1      |             |            |            | 0.000       |        |                 |
| _5747_:A1 (AND2_X1)           |        | 0.001       | 0.000      | 0.013      |             | 0.000  | 1.387r          |
| _5747_:ZN (AND2_X1)           |        | 0.002       | 0.000      | 0.010      |             | 0.033  | 1.420r          |
| _1017_ (net)                  | 1      |             |            |            | 0.000       |        |                 |
| _5749_:A1 (AND2_X2)           |        | 0.002       | 0.000      | 0.010      |             | 0.000  | 1.420r          |
| _5749_:ZN (AND2_X2)           |        | 0.004       | 0.000      | 0.009      |             | 0.030  | 1.451r          |
| _1019_ (net)                  | 1      |             |            |            | 0.000       |        |                 |
| _5750_:A2 (AND2_X4)           |        | 0.004       | 0.000      | 0.009      |             | 0.000  | 1.451r          |
| _5750_:ZN (AND2_X4)           |        | 0.015       | 0.000      | 0.013      |             | 0.036  | 1.486r          |
| _1020_ (net)                  | 5      |             |            |            | 0.000       |        |                 |
| _5803_:A1 (AND2_X4)           |        | 0.003       | 0.000      | 0.013      |             | 0.000  | 1.486r          |
| _5803_:ZN (AND2_X4)           |        | 0.011       | 0.000      | 0.012      |             | 0.034  | 1.520r          |
| _1073_ (net)                  | 3      |             |            |            | 0.000       |        |                 |
| _5804_:A1 (NOR2_X4)           |        | 0.007       | 0.000      | 0.012      |             | 0.000  | 1.520r          |
| _5804_:ZN (NOR2_X4)           |        | 0.017       | 0.000      | 0.015      |             | 0.014  | 1.534f          |
| _1074_ (net)                  | 3      |             |            |            | 0.000       |        |                 |
| _7312_:A (BUF_X8)             |        | 0.007       | 0.000      | 0.015      |             | 0.000  | 1.534f          |
| _7312_:Z (BUF_X8)             |        | 0.021       | 0.000      | 0.007      |             | 0.031  | 1.565f          |
| _2582_ (net)                  | 10     |             |            |            | 0.000       |        |                 |
| _7380_:C1 (AOI211_X2)         |        | 0.003       | 0.000      | 0.007      |             | 0.000  | 1.565f          |
| _7380_:ZN (AOI211_X2)         |        | 0.003       | 0.000      | 0.039      |             | 0.035  | 1.600r          |
| _2650_ (net)                  | 2      |             |            |            | 0.000       |        |                 |
| _7381_:B1 (OAI21_X1)          |        | 0.002       | 0.000      | 0.039      |             | 0.000  | 1.600r          |
| _7381_:ZN (OAI21_X1)          |        | 0.005       | 0.000      | 0.020      |             | 0.033  | 1.633f          |
| _2651_ (net)                  | 4      |             |            |            | 0.000       |        |                 |
| _7383_:A1 (NAND2_X1)          |        | 0.002       | 0.000      | 0.020      |             | 0.000  | 1.633f          |
| _7383_:ZN (NAND2_X1)          |        | 0.006       | 0.000      | 0.021      |             | 0.033  | 1.666r          |
| _2653_ (net)                  | 2      |             |            |            | 0.000       |        |                 |
| _7384_:B (XOR2_X2)            |        | 0.005       | 0.000      | 0.021      |             | 0.000  | 1.666r          |
| _7384_:Z (XOR2_X2)            |        | 0.004       | 0.000      | 0.023      |             | 0.051  | 1.717r          |
| _2654_ (net)                  | 2      |             |            |            | 0.000       |        |                 |
| _7475_:A (XOR2_X1)            |        | 0.002       | 0.000      | 0.023      |             | 0.000  | 1.717r          |
| _7475_:Z (XOR2_X1)            |        | 0.004       | 0.000      | 0.032      |             | 0.061  | 1.778r          |
| _2745_ (net)                  | 2      |             |            |            | 0.000       |        |                 |
| _7486_:A (XOR2_X1)            |        | 0.002       | 0.000      | 0.032      |             | 0.000  | 1.778r          |
| _7486_:Z (XOR2_X1)            |        | 0.003       | 0.000      | 0.032      |             | 0.063  | 1.841r          |
| _2756_ (net)                  | 2      |             |            |            | 0.000       |        |                 |
| _7487_:A (INV_X1)             |        | 0.002       | 0.000      | 0.032      |             | 0.000  | 1.841r          |
| _7487_:ZN (INV_X1)            |        | 0.003       | 0.000      | 0.010      |             | 0.016  | 1.857f          |
| _2757_ (net)                  | 1      |             |            |            | 0.000       |        |                 |
| _7497_:A1 (NOR3_X2)           |        | 0.003       | 0.000      | 0.010      |             | 0.000  | 1.857f          |
| _7497_:ZN (NOR3_X2)           |        | 0.003       | 0.000      | 0.026      |             | 0.033  | 1.890r          |
| _2767_ (net)                  | 2      |             |            |            | 0.000       |        |                 |
| _7688_:A1 (AND4_X1)           |        | 0.001       | 0.000      | 0.026      |             | 0.000  | 1.890r          |
| _7688_:ZN (AND4_X1)           |        | 0.002       | 0.000      | 0.013      |             | 0.057  | 1.947r          |
| _2958_ (net)                  | 1      |             |            |            | 0.000       |        |                 |
| _7690_:A3 (AND4_X2)           |        | 0.002       | 0.000      | 0.013      |             | 0.000  | 1.947r          |
| _7690_:ZN (AND4_X2)           |        | 0.003       | 0.000      | 0.013      |             | 0.056  | 2.003r          |
| _2960_ (net)                  | 1      |             |            |            | 0.000       |        |                 |
| _7691_:A2 (NOR2_X2)           |        | 0.003       | 0.000      | 0.013      |             | 0.000  | 2.003r          |
| _7691_:ZN (NOR2_X2)           |        | 0.008       | 0.000      | 0.009      |             | 0.015  | 2.018f          |
| _2961_ (net)                  | 2      |             |            |            | 0.000       |        |                 |
| _7813_:A (INV_X4)             |        | 0.006       | 0.000      | 0.009      |             | 0.000  | 2.018f          |
| _7813_:ZN (INV_X4)            |        | 0.007       | 0.000      | 0.007      |             | 0.013  | 2.031r          |
| _3084_ (net)                  | 4      |             |            |            | 0.000       |        |                 |
| _8467_:A1 (AND3_X4)           |        | 0.003       | 0.000      | 0.007      |             | 0.000  | 2.031r          |
| _8467_:ZN (AND3_X4)           |        | 0.008       | 0.000      | 0.011      |             | 0.039  | 2.069r          |
| _3771_ (net)                  | 2      |             |            |            | 0.000       |        |                 |
| _8475_:A1 (NOR2_X4)           |        | 0.007       | 0.000      | 0.011      |             | 0.000  | 2.069r          |
| _8475_:ZN (NOR2_X4)           |        | 0.010       | 0.000      | 0.007      |             | 0.011  | 2.081f          |
| _3780_ (net)                  | 3      |             |            |            | 0.000       |        |                 |
| _8634_:A1 (NOR2_X4)           |        | 0.007       | 0.000      | 0.007      |             | 0.000  | 2.081f          |
| _8634_:ZN (NOR2_X4)           |        | 0.008       | 0.000      | 0.020      |             | 0.024  | 2.105r          |
| _3944_ (net)                  | 2      |             |            |            | 0.000       |        |                 |
| _8638_:A1 (NOR2_X4)           |        | 0.007       | 0.000      | 0.020      |             | 0.000  | 2.105r          |
| _8638_:ZN (NOR2_X4)           |        | 0.005       | 0.000      | 0.010      |             | 0.010  | 2.115f          |
| _3948_ (net)                  | 2      |             |            |            | 0.000       |        |                 |
| _8695_:A1 (NOR3_X2)           |        | 0.003       | 0.000      | 0.010      |             | 0.000  | 2.115f          |
| _8695_:ZN (NOR3_X2)           |        | 0.003       | 0.000      | 0.026      |             | 0.033  | 2.148r          |
| _4007_ (net)                  | 2      |             |            |            | 0.000       |        |                 |
| _8715_:B1 (OAI21_X1)          |        | 0.002       | 0.000      | 0.026      |             | 0.000  | 2.148r          |
| _8715_:ZN (OAI21_X1)          |        | 0.002       | 0.000      | 0.014      |             | 0.021  | 2.169f          |
| _4028_ (net)                  | 2      |             |            |            | 0.000       |        |                 |
| _8718_:A1 (NAND2_X1)          |        | 0.002       | 0.000      | 0.014      |             | 0.000  | 2.169f          |
| _8718_:ZN (NAND2_X1)          |        | 0.002       | 0.000      | 0.012      |             | 0.020  | 2.189r          |
| _4030_ (net)                  | 1      |             |            |            | 0.000       |        |                 |
| _8731_:A (XNOR2_X1)           |        | 0.002       | 0.000      | 0.012      |             | 0.000  | 2.189r          |
| _8731_:ZN (XNOR2_X1)          |        | 0.001       | 0.000      | 0.011      |             | 0.013  | 2.202f          |
| _4510_ (net)                  | 1      |             |            |            | 0.000       |        |                 |
| _9084_:A (BUF_X1)             |        | 0.001       | 0.000      | 0.011      |             | 0.000  | 2.202f          |
| _9084_:Z (BUF_X1)             |        | 0.001       | 0.000      | 0.005      |             | 0.026  | 2.229f          |
| outfifo$D_IN[15] (net)        | 1      |             |            |            | 0.000       |        |                 |
| outfifo/_347_:A (BUF_X1)      |        | 0.001       | 0.000      | 0.005      |             | 0.000  | 2.229f          |
| outfifo/_347_:Z (BUF_X1)      |        | 0.002       | 0.000      | 0.007      |             | 0.027  | 2.256f          |
| outfifo/_094_ (net)           | 2      |             |            |            | 0.000       |        |                 |
| outfifo/_291_:A3 (NAND3_X1)   |        | 0.002       | 0.000      | 0.007      |             | 0.000  | 2.256f          |
| outfifo/_291_:ZN (NAND3_X1)   |        | 0.003       | 0.000      | 0.027      |             | 0.025  | 2.280r          |
| outfifo/_183_ (net)           | 1      |             |            |            | 0.000       |        |                 |
| outfifo/_293_:A (OAI211_X2)   |        | 0.003       | 0.000      | 0.027      |             | 0.000  | 2.280r          |
| outfifo/_293_:ZN (OAI211_X2)  |        | 0.001       | 0.000      | 0.012      |             | 0.028  | 2.308f          |
| outfifo/_058_ (net)           | 1      |             |            |            | 0.000       |        |                 |
| outfifo/_383_:A (BUF_X1)      |        | 0.001       | 0.000      | 0.012      |             | 0.000  | 2.308f          |
| outfifo/_383_:Z (BUF_X1)      |        | 0.001       | 0.000      | 0.006      |             | 0.029  | 2.338f          |
| outfifo/_006_ (net)           | 1      |             |            |            | 0.000       |        |                 |
| outfifo/_399_:D (DFF_X1)      |        | 0.001       | 0.000      | 0.006      |             | 0.000  | 2.338f          |
|                               |        |             |            |            |             |        |                 |
| CLK (port)                    |        | 0.186       | 0.000      | 0.000      |             | 0.000  | 0.000r          |
| CLK (clock net)               | 196    |             |            |            | NA          |        |                 |
| outfifo/_399_:CK (DFF_X1)     |        | 0.001       | 0.000      | 0.000      |             | 0.000  | 0.000r          |
| clock core_clock (rise edge)  |        |             |            |            |             | 10     | 10              |
| clock network delay (ideal)   |        |             |            |            |             | 0.000  | 10.000          |
| outfifo/_399_:CK (DFF_X1)     |        |             |            |            |             |        | 10.000r         |
| library setup time            |        |             |            |            |             | -0.039 | 9.961           |
| clock reconvergence pessimism |        |             |            |            |             | 0.000  | 9.961           |
|                               |        |             |            |            |             |        |                 |
| path cell delay               |        |             |            |            |             |        | 2.338(100.000%) |
| path net delay                |        |             |            |            |             |        | 0.000(0.000%)   |
|                               |        |             |            |            |             |        |                 |
| data require time             |        |             |            |            |             |        | 9.961           |
| data arrival time             |        |             |            |            |             |        | 2.338           |
| slack (MET)                   |        |             |            |            |             |        | 7.623           |
+-------------------------------+--------+-------------+------------+------------+-------------+--------+-----------------+
+-------------------------------+--------+-------------+------------+------------+-------------+--------+-----------------+
| Point                         | Fanout | Capacitance | Resistance | Transition | Delta Delay | Incr   | Path            |
+-------------------------------+--------+-------------+------------+------------+-------------+--------+-----------------+
| CLK (port)                    |        | 0.186       | 0.000      | 0.000      |             | 0.000  | 0.000r          |
| CLK (clock net)               | 196    |             |            |            | NA          |        |                 |
| _9148_:CK (DFF_X1)            |        | 0.001       | 0.000      | 0.000      |             | 0.000  | 0.000r          |
| clock core_clock (rise edge)  |        |             |            |            |             | 0      | 0               |
| clock network delay (ideal)   |        |             |            |            |             | 0.000  | 0.000           |
| _9148_:CK (DFF_X1)            |        | 0.001       | 0.000      | 0.000      |             | 0.000  | 0.000r          |
| _9148_:Q (DFF_X1)             |        | 0.001       | 0.000      | 0.007      |             | 0.084  | 0.084r          |
| r3[15] (net)                  | 1      |             |            |            | 0.000       |        |                 |
| _9039_:A (BUF_X1)             |        | 0.001       | 0.000      | 0.007      |             | 0.000  | 0.084r          |
| _9039_:Z (BUF_X1)             |        | 0.030       | 0.000      | 0.074      |             | 0.092  | 0.176r          |
| _4545_ (net)                  | 17     |             |            |            | 0.000       |        |                 |
| fanout_buf_10:A (BUF_X8)      |        | 0.007       | 0.000      | 0.074      |             | 0.000  | 0.176r          |
| fanout_buf_10:Z (BUF_X8)      |        | 0.048       | 0.000      | 0.018      |             | 0.042  | 0.218r          |
| fanout_net_10 (net)           | 30     |             |            |            | 0.000       |        |                 |
| _4922_:A (INV_X1)             |        | 0.002       | 0.000      | 0.018      |             | 0.000  | 0.218r          |
| _4922_:ZN (INV_X1)            |        | 0.014       | 0.000      | 0.016      |             | 0.030  | 0.248f          |
| _4181_ (net)                  | 8      |             |            |            | 0.000       |        |                 |
| _4959_:A1 (NAND2_X1)          |        | 0.002       | 0.000      | 0.016      |             | 0.000  | 0.248f          |
| _4959_:ZN (NAND2_X1)          |        | 0.002       | 0.000      | 0.010      |             | 0.019  | 0.267r          |
| _4218_ (net)                  | 1      |             |            |            | 0.000       |        |                 |
| _4960_:A2 (AND2_X2)           |        | 0.002       | 0.000      | 0.010      |             | 0.000  | 0.267r          |
| _4960_:ZN (AND2_X2)           |        | 0.003       | 0.000      | 0.009      |             | 0.032  | 0.298r          |
| _4219_ (net)                  | 1      |             |            |            | 0.000       |        |                 |
| _4961_:A (BUF_X4)             |        | 0.003       | 0.000      | 0.009      |             | 0.000  | 0.298r          |
| _4961_:Z (BUF_X4)             |        | 0.018       | 0.000      | 0.013      |             | 0.028  | 0.326r          |
| _4220_ (net)                  | 9      |             |            |            | 0.000       |        |                 |
| _5058_:A (INV_X2)             |        | 0.003       | 0.000      | 0.013      |             | 0.000  | 0.326r          |
| _5058_:ZN (INV_X2)            |        | 0.008       | 0.000      | 0.008      |             | 0.014  | 0.340f          |
| _4317_ (net)                  | 3      |             |            |            | 0.000       |        |                 |
| _5059_:B (XNOR2_X2)           |        | 0.005       | 0.000      | 0.008      |             | 0.000  | 0.340f          |
| _5059_:ZN (XNOR2_X2)          |        | 0.006       | 0.000      | 0.025      |             | 0.038  | 0.379r          |
| _4318_ (net)                  | 3      |             |            |            | 0.000       |        |                 |
| _5060_:A (INV_X1)             |        | 0.002       | 0.000      | 0.025      |             | 0.000  | 0.379r          |
| _5060_:ZN (INV_X1)            |        | 0.004       | 0.000      | 0.010      |             | 0.016  | 0.395f          |
| _4319_ (net)                  | 2      |             |            |            | 0.000       |        |                 |
| _5064_:B1 (OAI21_X1)          |        | 0.002       | 0.000      | 0.010      |             | 0.000  | 0.395f          |
| _5064_:ZN (OAI21_X1)          |        | 0.006       | 0.000      | 0.043      |             | 0.054  | 0.449r          |
| _4323_ (net)                  | 2      |             |            |            | 0.000       |        |                 |
| _5065_:B (XOR2_X2)            |        | 0.005       | 0.000      | 0.043      |             | 0.000  | 0.449r          |
| _5065_:Z (XOR2_X2)            |        | 0.004       | 0.000      | 0.023      |             | 0.055  | 0.505r          |
| _4324_ (net)                  | 2      |             |            |            | 0.000       |        |                 |
| _5066_:A (XOR2_X1)            |        | 0.002       | 0.000      | 0.023      |             | 0.000  | 0.505r          |
| _5066_:Z (XOR2_X1)            |        | 0.004       | 0.000      | 0.032      |             | 0.061  | 0.566r          |
| _4325_ (net)                  | 2      |             |            |            | 0.000       |        |                 |
| _5076_:A (XOR2_X1)            |        | 0.002       | 0.000      | 0.032      |             | 0.000  | 0.566r          |
| _5076_:Z (XOR2_X1)            |        | 0.004       | 0.000      | 0.032      |             | 0.063  | 0.629r          |
| _4335_ (net)                  | 2      |             |            |            | 0.000       |        |                 |
| _5086_:A (XOR2_X1)            |        | 0.002       | 0.000      | 0.032      |             | 0.000  | 0.629r          |
| _5086_:Z (XOR2_X1)            |        | 0.004       | 0.000      | 0.032      |             | 0.063  | 0.692r          |
| _4345_ (net)                  | 2      |             |            |            | 0.000       |        |                 |
| _5099_:A (XOR2_X1)            |        | 0.002       | 0.000      | 0.032      |             | 0.000  | 0.692r          |
| _5099_:Z (XOR2_X1)            |        | 0.004       | 0.000      | 0.032      |             | 0.063  | 0.755r          |
| _4358_ (net)                  | 2      |             |            |            | 0.000       |        |                 |
| _5101_:A (XOR2_X1)            |        | 0.002       | 0.000      | 0.032      |             | 0.000  | 0.755r          |
| _5101_:Z (XOR2_X1)            |        | 0.004       | 0.000      | 0.032      |             | 0.063  | 0.818r          |
| _4360_ (net)                  | 2      |             |            |            | 0.000       |        |                 |
| _5110_:A (XNOR2_X1)           |        | 0.002       | 0.000      | 0.032      |             | 0.000  | 0.818r          |
| _5110_:ZN (XNOR2_X1)          |        | 0.003       | 0.000      | 0.014      |             | 0.026  | 0.843f          |
| _4369_ (net)                  | 2      |             |            |            | 0.000       |        |                 |
| _5116_:A (XOR2_X1)            |        | 0.002       | 0.000      | 0.014      |             | 0.000  | 0.843f          |
| _5116_:Z (XOR2_X1)            |        | 0.004       | 0.000      | 0.014      |             | 0.056  | 0.900f          |
| _4375_ (net)                  | 2      |             |            |            | 0.000       |        |                 |
| _5120_:A (XOR2_X1)            |        | 0.002       | 0.000      | 0.014      |             | 0.000  | 0.900f          |
| _5120_:Z (XOR2_X1)            |        | 0.004       | 0.000      | 0.014      |             | 0.056  | 0.956f          |
| _4379_ (net)                  | 2      |             |            |            | 0.000       |        |                 |
| _5122_:A2 (NAND3_X1)          |        | 0.002       | 0.000      | 0.014      |             | 0.000  | 0.956f          |
| _5122_:ZN (NAND3_X1)          |        | 0.002       | 0.000      | 0.013      |             | 0.021  | 0.977r          |
| _4381_ (net)                  | 1      |             |            |            | 0.000       |        |                 |
| _5124_:A1 (AND2_X2)           |        | 0.002       | 0.000      | 0.013      |             | 0.000  | 0.977r          |
| _5124_:ZN (AND2_X2)           |        | 0.009       | 0.000      | 0.014      |             | 0.038  | 1.016r          |
| _4383_ (net)                  | 2      |             |            |            | 0.000       |        |                 |
| _5165_:A1 (NOR3_X4)           |        | 0.007       | 0.000      | 0.014      |             | 0.000  | 1.016r          |
| _5165_:ZN (NOR3_X4)           |        | 0.004       | 0.000      | 0.015      |             | 0.010  | 1.026f          |
| _4424_ (net)                  | 2      |             |            |            | 0.000       |        |                 |
| _5166_:A1 (OR2_X4)            |        | 0.003       | 0.000      | 0.015      |             | 0.000  | 1.026f          |
| _5166_:ZN (OR2_X4)            |        | 0.004       | 0.000      | 0.008      |             | 0.042  | 1.067f          |
| _4425_ (net)                  | 1      |             |            |            | 0.000       |        |                 |
| _5210_:A (XNOR2_X2)           |        | 0.004       | 0.000      | 0.008      |             | 0.000  | 1.067f          |
| _5210_:ZN (XNOR2_X2)          |        | 0.006       | 0.000      | 0.025      |             | 0.033  | 1.101r          |
| _4469_ (net)                  | 3      |             |            |            | 0.000       |        |                 |
| _5234_:A1 (AND2_X4)           |        | 0.003       | 0.000      | 0.025      |             | 0.000  | 1.101r          |
| _5234_:ZN (AND2_X4)           |        | 0.006       | 0.000      | 0.008      |             | 0.034  | 1.134r          |
| _4493_ (net)                  | 3      |             |            |            | 0.000       |        |                 |
| _5235_:A (INV_X2)             |        | 0.003       | 0.000      | 0.008      |             | 0.000  | 1.134r          |
| _5235_:ZN (INV_X2)            |        | 0.003       | 0.000      | 0.004      |             | 0.008  | 1.142f          |
| _4494_ (net)                  | 1      |             |            |            | 0.000       |        |                 |
| _5288_:A1 (NOR2_X2)           |        | 0.003       | 0.000      | 0.004      |             | 0.000  | 1.142f          |
| _5288_:ZN (NOR2_X2)           |        | 0.003       | 0.000      | 0.017      |             | 0.023  | 1.165r          |
| _0558_ (net)                  | 2      |             |            |            | 0.000       |        |                 |
| _5340_:A1 (AND2_X2)           |        | 0.002       | 0.000      | 0.017      |             | 0.000  | 1.165r          |
| _5340_:ZN (AND2_X2)           |        | 0.003       | 0.000      | 0.009      |             | 0.033  | 1.198r          |
| _0610_ (net)                  | 1      |             |            |            | 0.000       |        |                 |
| _5341_:A (INV_X2)             |        | 0.003       | 0.000      | 0.009      |             | 0.000  | 1.198r          |
| _5341_:ZN (INV_X2)            |        | 0.002       | 0.000      | 0.004      |             | 0.007  | 1.206f          |
| _0611_ (net)                  | 2      |             |            |            | 0.000       |        |                 |
| _5396_:A1 (NOR2_X1)           |        | 0.002       | 0.000      | 0.004      |             | 0.000  | 1.206f          |
| _5396_:ZN (NOR2_X1)           |        | 0.003       | 0.000      | 0.026      |             | 0.033  | 1.239r          |
| _0666_ (net)                  | 2      |             |            |            | 0.000       |        |                 |
| _5730_:A (INV_X1)             |        | 0.002       | 0.000      | 0.026      |             | 0.000  | 1.239r          |
| _5730_:ZN (INV_X1)            |        | 0.004       | 0.000      | 0.010      |             | 0.017  | 1.255f          |
| _1000_ (net)                  | 2      |             |            |            | 0.000       |        |                 |
| _5734_:A1 (NOR2_X2)           |        | 0.003       | 0.000      | 0.010      |             | 0.000  | 1.255f          |
| _5734_:ZN (NOR2_X2)           |        | 0.005       | 0.000      | 0.022      |             | 0.028  | 1.283r          |
| _1004_ (net)                  | 3      |             |            |            | 0.000       |        |                 |
| _5735_:A (INV_X1)             |        | 0.002       | 0.000      | 0.022      |             | 0.000  | 1.283r          |
| _5735_:ZN (INV_X1)            |        | 0.003       | 0.000      | 0.008      |             | 0.014  | 1.297f          |
| _1005_ (net)                  | 2      |             |            |            | 0.000       |        |                 |
| _5737_:A2 (OR3_X2)            |        | 0.002       | 0.000      | 0.008      |             | 0.000  | 1.297f          |
| _5737_:ZN (OR3_X2)            |        | 0.001       | 0.000      | 0.012      |             | 0.069  | 1.366f          |
| _1007_ (net)                  | 1      |             |            |            | 0.000       |        |                 |
| _5742_:A1 (NOR2_X1)           |        | 0.002       | 0.000      | 0.012      |             | 0.000  | 1.366f          |
| _5742_:ZN (NOR2_X1)           |        | 0.001       | 0.000      | 0.013      |             | 0.021  | 1.387r          |
| _1012_ (net)                  | 1      |             |            |            | 0.000       |        |                 |
| _5747_:A1 (AND2_X1)           |        | 0.001       | 0.000      | 0.013      |             | 0.000  | 1.387r          |
| _5747_:ZN (AND2_X1)           |        | 0.002       | 0.000      | 0.010      |             | 0.033  | 1.420r          |
| _1017_ (net)                  | 1      |             |            |            | 0.000       |        |                 |
| _5749_:A1 (AND2_X2)           |        | 0.002       | 0.000      | 0.010      |             | 0.000  | 1.420r          |
| _5749_:ZN (AND2_X2)           |        | 0.004       | 0.000      | 0.009      |             | 0.030  | 1.451r          |
| _1019_ (net)                  | 1      |             |            |            | 0.000       |        |                 |
| _5750_:A2 (AND2_X4)           |        | 0.004       | 0.000      | 0.009      |             | 0.000  | 1.451r          |
| _5750_:ZN (AND2_X4)           |        | 0.015       | 0.000      | 0.013      |             | 0.036  | 1.486r          |
| _1020_ (net)                  | 5      |             |            |            | 0.000       |        |                 |
| _5803_:A1 (AND2_X4)           |        | 0.003       | 0.000      | 0.013      |             | 0.000  | 1.486r          |
| _5803_:ZN (AND2_X4)           |        | 0.011       | 0.000      | 0.012      |             | 0.034  | 1.520r          |
| _1073_ (net)                  | 3      |             |            |            | 0.000       |        |                 |
| _5804_:A1 (NOR2_X4)           |        | 0.007       | 0.000      | 0.012      |             | 0.000  | 1.520r          |
| _5804_:ZN (NOR2_X4)           |        | 0.017       | 0.000      | 0.015      |             | 0.014  | 1.534f          |
| _1074_ (net)                  | 3      |             |            |            | 0.000       |        |                 |
| _5812_:A1 (NOR2_X4)           |        | 0.007       | 0.000      | 0.015      |             | 0.000  | 1.534f          |
| _5812_:ZN (NOR2_X4)           |        | 0.014       | 0.000      | 0.024      |             | 0.034  | 1.568r          |
| _1082_ (net)                  | 5      |             |            |            | 0.000       |        |                 |
| _5813_:A (INV_X4)             |        | 0.006       | 0.000      | 0.024      |             | 0.000  | 1.568r          |
| _5813_:ZN (INV_X4)            |        | 0.014       | 0.000      | 0.009      |             | 0.015  | 1.583f          |
| _1083_ (net)                  | 2      |             |            |            | 0.000       |        |                 |
| _5814_:A (BUF_X16)            |        | 0.012       | 0.000      | 0.009      |             | 0.000  | 1.583f          |
| _5814_:Z (BUF_X16)            |        | 0.042       | 0.000      | 0.006      |             | 0.028  | 1.610f          |
| _1084_ (net)                  | 10     |             |            |            | 0.000       |        |                 |
| _6913_:A2 (NAND2_X2)          |        | 0.003       | 0.000      | 0.006      |             | 0.000  | 1.610f          |
| _6913_:ZN (NAND2_X2)          |        | 0.006       | 0.000      | 0.013      |             | 0.019  | 1.629r          |
| _2183_ (net)                  | 2      |             |            |            | 0.000       |        |                 |
| _6989_:A (XOR2_X2)            |        | 0.004       | 0.000      | 0.013      |             | 0.000  | 1.629r          |
| _6989_:Z (XOR2_X2)            |        | 0.006       | 0.000      | 0.030      |             | 0.058  | 1.687r          |
| _2259_ (net)                  | 2      |             |            |            | 0.000       |        |                 |
| _6990_:B (XOR2_X2)            |        | 0.005       | 0.000      | 0.030      |             | 0.000  | 1.687r          |
| _6990_:Z (XOR2_X2)            |        | 0.003       | 0.000      | 0.023      |             | 0.053  | 1.739r          |
| _2260_ (net)                  | 2      |             |            |            | 0.000       |        |                 |
| _7261_:A (XOR2_X1)            |        | 0.002       | 0.000      | 0.023      |             | 0.000  | 1.739r          |
| _7261_:Z (XOR2_X1)            |        | 0.003       | 0.000      | 0.032      |             | 0.061  | 1.801r          |
| _2531_ (net)                  | 2      |             |            |            | 0.000       |        |                 |
| _7294_:A1 (NAND2_X1)          |        | 0.002       | 0.000      | 0.032      |             | 0.000  | 1.801r          |
| _7294_:ZN (NAND2_X1)          |        | 0.006       | 0.000      | 0.018      |             | 0.032  | 1.833f          |
| _2564_ (net)                  | 3      |             |            |            | 0.000       |        |                 |
| _7328_:B (OAI211_X2)          |        | 0.003       | 0.000      | 0.018      |             | 0.000  | 1.833f          |
| _7328_:ZN (OAI211_X2)         |        | 0.002       | 0.000      | 0.018      |             | 0.025  | 1.858r          |
| _2598_ (net)                  | 1      |             |            |            | 0.000       |        |                 |
| _7330_:A1 (NOR2_X1)           |        | 0.002       | 0.000      | 0.018      |             | 0.000  | 1.858r          |
| _7330_:ZN (NOR2_X1)           |        | 0.002       | 0.000      | 0.008      |             | 0.013  | 1.871f          |
| _2600_ (net)                  | 2      |             |            |            | 0.000       |        |                 |
| _7392_:A1 (AND3_X1)           |        | 0.001       | 0.000      | 0.008      |             | 0.000  | 1.871f          |
| _7392_:ZN (AND3_X1)           |        | 0.003       | 0.000      | 0.009      |             | 0.035  | 1.906f          |
| _2662_ (net)                  | 2      |             |            |            | 0.000       |        |                 |
| _7534_:A (OAI21_X1)           |        | 0.002       | 0.000      | 0.009      |             | 0.000  | 1.906f          |
| _7534_:ZN (OAI21_X1)          |        | 0.002       | 0.000      | 0.020      |             | 0.020  | 1.926r          |
| _2804_ (net)                  | 1      |             |            |            | 0.000       |        |                 |
| _7542_:A1 (NAND4_X1)          |        | 0.002       | 0.000      | 0.020      |             | 0.000  | 1.926r          |
| _7542_:ZN (NAND4_X1)          |        | 0.003       | 0.000      | 0.020      |             | 0.036  | 1.962f          |
| _2812_ (net)                  | 1      |             |            |            | 0.000       |        |                 |
| _7691_:A1 (NOR2_X2)           |        | 0.003       | 0.000      | 0.020      |             | 0.000  | 1.962f          |
| _7691_:ZN (NOR2_X2)           |        | 0.008       | 0.000      | 0.029      |             | 0.040  | 2.002r          |
| _2961_ (net)                  | 2      |             |            |            | 0.000       |        |                 |
| _7813_:A (INV_X4)             |        | 0.006       | 0.000      | 0.029      |             | 0.000  | 2.002r          |
| _7813_:ZN (INV_X4)            |        | 0.006       | 0.000      | 0.008      |             | 0.010  | 2.012f          |
| _3084_ (net)                  | 4      |             |            |            | 0.000       |        |                 |
| _8467_:A1 (AND3_X4)           |        | 0.003       | 0.000      | 0.008      |             | 0.000  | 2.012f          |
| _8467_:ZN (AND3_X4)           |        | 0.007       | 0.000      | 0.007      |             | 0.029  | 2.041f          |
| _3771_ (net)                  | 2      |             |            |            | 0.000       |        |                 |
| _8475_:A1 (NOR2_X4)           |        | 0.007       | 0.000      | 0.007      |             | 0.000  | 2.041f          |
| _8475_:ZN (NOR2_X4)           |        | 0.012       | 0.000      | 0.023      |             | 0.028  | 2.069r          |
| _3780_ (net)                  | 3      |             |            |            | 0.000       |        |                 |
| _8634_:A1 (NOR2_X4)           |        | 0.007       | 0.000      | 0.023      |             | 0.000  | 2.069r          |
| _8634_:ZN (NOR2_X4)           |        | 0.007       | 0.000      | 0.009      |             | 0.012  | 2.080f          |
| _3944_ (net)                  | 2      |             |            |            | 0.000       |        |                 |
| _8638_:A1 (NOR2_X4)           |        | 0.007       | 0.000      | 0.009      |             | 0.000  | 2.080f          |
| _8638_:ZN (NOR2_X4)           |        | 0.006       | 0.000      | 0.015      |             | 0.021  | 2.101r          |
| _3948_ (net)                  | 2      |             |            |            | 0.000       |        |                 |
| _8695_:A1 (NOR3_X2)           |        | 0.003       | 0.000      | 0.015      |             | 0.000  | 2.101r          |
| _8695_:ZN (NOR3_X2)           |        | 0.002       | 0.000      | 0.014      |             | 0.010  | 2.112f          |
| _4007_ (net)                  | 2      |             |            |            | 0.000       |        |                 |
| _8714_:A1 (OR3_X1)            |        | 0.001       | 0.000      | 0.014      |             | 0.000  | 2.112f          |
| _8714_:ZN (OR3_X1)            |        | 0.001       | 0.000      | 0.012      |             | 0.064  | 2.176f          |
| _4026_ (net)                  | 1      |             |            |            | 0.000       |        |                 |
| _8716_:A1 (AND2_X1)           |        | 0.001       | 0.000      | 0.012      |             | 0.000  | 2.176f          |
| _8716_:ZN (AND2_X1)           |        | 0.001       | 0.000      | 0.005      |             | 0.029  | 2.204f          |
| _4509_ (net)                  | 1      |             |            |            | 0.000       |        |                 |
| _9083_:A (BUF_X1)             |        | 0.001       | 0.000      | 0.005      |             | 0.000  | 2.204f          |
| _9083_:Z (BUF_X1)             |        | 0.001       | 0.000      | 0.005      |             | 0.023  | 2.228f          |
| outfifo$D_IN[14] (net)        | 1      |             |            |            | 0.000       |        |                 |
| outfifo/_344_:A (BUF_X1)      |        | 0.001       | 0.000      | 0.005      |             | 0.000  | 2.228f          |
| outfifo/_344_:Z (BUF_X1)      |        | 0.002       | 0.000      | 0.007      |             | 0.027  | 2.255f          |
| outfifo/_093_ (net)           | 2      |             |            |            | 0.000       |        |                 |
| outfifo/_233_:A (MUX2_X1)     |        | 0.001       | 0.000      | 0.007      |             | 0.000  | 2.255f          |
| outfifo/_233_:Z (MUX2_X1)     |        | 0.001       | 0.000      | 0.009      |             | 0.055  | 2.310f          |
| outfifo/_073_ (net)           | 1      |             |            |            | 0.000       |        |                 |
| outfifo/_346_:A (BUF_X1)      |        | 0.001       | 0.000      | 0.009      |             | 0.000  | 2.310f          |
| outfifo/_346_:Z (BUF_X1)      |        | 0.001       | 0.000      | 0.006      |             | 0.028  | 2.337f          |
| outfifo/_021_ (net)           | 1      |             |            |            | 0.000       |        |                 |
| outfifo/_414_:D (DFF_X1)      |        | 0.001       | 0.000      | 0.006      |             | 0.000  | 2.337f          |
|                               |        |             |            |            |             |        |                 |
| CLK (port)                    |        | 0.186       | 0.000      | 0.000      |             | 0.000  | 0.000r          |
| CLK (clock net)               | 196    |             |            |            | NA          |        |                 |
| outfifo/_414_:CK (DFF_X1)     |        | 0.001       | 0.000      | 0.000      |             | 0.000  | 0.000r          |
| clock core_clock (rise edge)  |        |             |            |            |             | 10     | 10              |
| clock network delay (ideal)   |        |             |            |            |             | 0.000  | 10.000          |
| outfifo/_414_:CK (DFF_X1)     |        |             |            |            |             |        | 10.000r         |
| library setup time            |        |             |            |            |             | -0.039 | 9.961           |
| clock reconvergence pessimism |        |             |            |            |             | 0.000  | 9.961           |
|                               |        |             |            |            |             |        |                 |
| path cell delay               |        |             |            |            |             |        | 2.337(100.000%) |
| path net delay                |        |             |            |            |             |        | 0.000(0.000%)   |
|                               |        |             |            |            |             |        |                 |
| data require time             |        |             |            |            |             |        | 9.961           |
| data arrival time             |        |             |            |            |             |        | 2.337           |
| slack (MET)                   |        |             |            |            |             |        | 7.623           |
+-------------------------------+--------+-------------+------------+------------+-------------+--------+-----------------+
+-------------------------------+--------+-------------+------------+------------+-------------+--------+-----------------+
| Point                         | Fanout | Capacitance | Resistance | Transition | Delta Delay | Incr   | Path            |
+-------------------------------+--------+-------------+------------+------------+-------------+--------+-----------------+
| CLK (port)                    |        | 0.186       | 0.000      | 0.000      |             | 0.000  | 0.000r          |
| CLK (clock net)               | 196    |             |            |            | NA          |        |                 |
| outfifo/_393_:CK (DFF_X1)     |        | 0.001       | 0.000      | 0.000      |             | 0.000  | 0.000r          |
| clock core_clock (rise edge)  |        |             |            |            |             | 0      | 0               |
| clock network delay (ideal)   |        |             |            |            |             | 0.000  | 0.000           |
| outfifo/_393_:CK (DFF_X1)     |        | 0.001       | 0.000      | 0.000      |             | 0.000  | 0.000r          |
| outfifo/_393_:QN (DFF_X1)     |        | 0.001       | 0.000      | 0.008      |             | 0.060  | 0.060r          |
| outfifo/_043_ (net)           | 1      |             |            |            | 0.000       |        |                 |
| outfifo/_370_:A (BUF_X1)      |        | 0.001       | 0.000      | 0.008      |             | 0.000  | 0.060r          |
| outfifo/_370_:Z (BUF_X1)      |        | 0.003       | 0.000      | 0.012      |             | 0.028  | 0.087r          |
| outfifo/_117_ (net)           | 1      |             |            |            | 0.000       |        |                 |
| outfifo/_275_:C2 (OAI211_X2)  |        | 0.003       | 0.000      | 0.012      |             | 0.000  | 0.087r          |
| outfifo/_275_:ZN (OAI211_X2)  |        | 0.001       | 0.000      | 0.009      |             | 0.019  | 0.107f          |
| outfifo/_067_ (net)           | 1      |             |            |            | 0.000       |        |                 |
| outfifo/_371_:A (BUF_X1)      |        | 0.001       | 0.000      | 0.009      |             | 0.000  | 0.107f          |
| outfifo/_371_:Z (BUF_X1)      |        | 0.001       | 0.000      | 0.006      |             | 0.028  | 0.134f          |
| outfifo/_015_ (net)           | 1      |             |            |            | 0.000       |        |                 |
| outfifo/_393_:D (DFF_X1)      |        | 0.001       | 0.000      | 0.006      |             | 0.000  | 0.134f          |
|                               |        |             |            |            |             |        |                 |
| CLK (port)                    |        | 0.186       | 0.000      | 0.000      |             | 0.000  | 0.000r          |
| CLK (clock net)               | 196    |             |            |            | NA          |        |                 |
| outfifo/_393_:CK (DFF_X1)     |        | 0.001       | 0.000      | 0.000      |             | 0.000  | 0.000r          |
| clock core_clock (rise edge)  |        |             |            |            |             | 0      | 0               |
| clock network delay (ideal)   |        |             |            |            |             | 0.000  | 0.000           |
| outfifo/_393_:CK (DFF_X1)     |        |             |            |            |             |        | 0.000r          |
| library hold time             |        |             |            |            |             | 0.002  | 0.002           |
| clock reconvergence pessimism |        |             |            |            |             | -0.000 | 0.002           |
|                               |        |             |            |            |             |        |                 |
| path cell delay               |        |             |            |            |             |        | 0.134(100.000%) |
| path net delay                |        |             |            |            |             |        | 0.000(0.000%)   |
|                               |        |             |            |            |             |        |                 |
| data require time             |        |             |            |            |             |        | 0.002           |
| data arrival time             |        |             |            |            |             |        | 0.134           |
| slack (MET)                   |        |             |            |            |             |        | 0.133           |
+-------------------------------+--------+-------------+------------+------------+-------------+--------+-----------------+
+-------------------------------+--------+-------------+------------+------------+-------------+--------+-----------------+
| Point                         | Fanout | Capacitance | Resistance | Transition | Delta Delay | Incr   | Path            |
+-------------------------------+--------+-------------+------------+------------+-------------+--------+-----------------+
| CLK (port)                    |        | 0.186       | 0.000      | 0.000      |             | 0.000  | 0.000r          |
| CLK (clock net)               | 196    |             |            |            | NA          |        |                 |
| outfifo/_392_:CK (DFF_X1)     |        | 0.001       | 0.000      | 0.000      |             | 0.000  | 0.000r          |
| clock core_clock (rise edge)  |        |             |            |            |             | 0      | 0               |
| clock network delay (ideal)   |        |             |            |            |             | 0.000  | 0.000           |
| outfifo/_392_:CK (DFF_X1)     |        | 0.001       | 0.000      | 0.000      |             | 0.000  | 0.000r          |
| outfifo/_392_:QN (DFF_X1)     |        | 0.001       | 0.000      | 0.008      |             | 0.060  | 0.060r          |
| outfifo/_042_ (net)           | 1      |             |            |            | 0.000       |        |                 |
| outfifo/_368_:A (BUF_X1)      |        | 0.001       | 0.000      | 0.008      |             | 0.000  | 0.060r          |
| outfifo/_368_:Z (BUF_X1)      |        | 0.003       | 0.000      | 0.012      |             | 0.028  | 0.087r          |
| outfifo/_116_ (net)           | 1      |             |            |            | 0.000       |        |                 |
| outfifo/_272_:C2 (OAI211_X2)  |        | 0.003       | 0.000      | 0.012      |             | 0.000  | 0.087r          |
| outfifo/_272_:ZN (OAI211_X2)  |        | 0.001       | 0.000      | 0.009      |             | 0.019  | 0.107f          |
| outfifo/_066_ (net)           | 1      |             |            |            | 0.000       |        |                 |
| outfifo/_369_:A (BUF_X1)      |        | 0.001       | 0.000      | 0.009      |             | 0.000  | 0.107f          |
| outfifo/_369_:Z (BUF_X1)      |        | 0.001       | 0.000      | 0.006      |             | 0.028  | 0.134f          |
| outfifo/_014_ (net)           | 1      |             |            |            | 0.000       |        |                 |
| outfifo/_392_:D (DFF_X1)      |        | 0.001       | 0.000      | 0.006      |             | 0.000  | 0.134f          |
|                               |        |             |            |            |             |        |                 |
| CLK (port)                    |        | 0.186       | 0.000      | 0.000      |             | 0.000  | 0.000r          |
| CLK (clock net)               | 196    |             |            |            | NA          |        |                 |
| outfifo/_392_:CK (DFF_X1)     |        | 0.001       | 0.000      | 0.000      |             | 0.000  | 0.000r          |
| clock core_clock (rise edge)  |        |             |            |            |             | 0      | 0               |
| clock network delay (ideal)   |        |             |            |            |             | 0.000  | 0.000           |
| outfifo/_392_:CK (DFF_X1)     |        |             |            |            |             |        | 0.000r          |
| library hold time             |        |             |            |            |             | 0.002  | 0.002           |
| clock reconvergence pessimism |        |             |            |            |             | -0.000 | 0.002           |
|                               |        |             |            |            |             |        |                 |
| path cell delay               |        |             |            |            |             |        | 0.134(100.000%) |
| path net delay                |        |             |            |            |             |        | 0.000(0.000%)   |
|                               |        |             |            |            |             |        |                 |
| data require time             |        |             |            |            |             |        | 0.002           |
| data arrival time             |        |             |            |            |             |        | 0.134           |
| slack (MET)                   |        |             |            |            |             |        | 0.133           |
+-------------------------------+--------+-------------+------------+------------+-------------+--------+-----------------+
+-------------------------------+--------+-------------+------------+------------+-------------+--------+-----------------+
| Point                         | Fanout | Capacitance | Resistance | Transition | Delta Delay | Incr   | Path            |
+-------------------------------+--------+-------------+------------+------------+-------------+--------+-----------------+
| CLK (port)                    |        | 0.186       | 0.000      | 0.000      |             | 0.000  | 0.000r          |
| CLK (clock net)               | 196    |             |            |            | NA          |        |                 |
| infifo/_391_:CK (DFF_X1)      |        | 0.001       | 0.000      | 0.000      |             | 0.000  | 0.000r          |
| clock core_clock (rise edge)  |        |             |            |            |             | 0      | 0               |
| clock network delay (ideal)   |        |             |            |            |             | 0.000  | 0.000           |
| infifo/_391_:CK (DFF_X1)      |        | 0.001       | 0.000      | 0.000      |             | 0.000  | 0.000r          |
| infifo/_391_:QN (DFF_X1)      |        | 0.001       | 0.000      | 0.008      |             | 0.060  | 0.060r          |
| infifo/_041_ (net)            | 1      |             |            |            | 0.000       |        |                 |
| infifo/_366_:A (BUF_X1)       |        | 0.001       | 0.000      | 0.008      |             | 0.000  | 0.060r          |
| infifo/_366_:Z (BUF_X1)       |        | 0.003       | 0.000      | 0.012      |             | 0.028  | 0.087r          |
| infifo/_115_ (net)            | 1      |             |            |            | 0.000       |        |                 |
| infifo/_269_:C2 (OAI211_X2)   |        | 0.003       | 0.000      | 0.012      |             | 0.000  | 0.087r          |
| infifo/_269_:ZN (OAI211_X2)   |        | 0.001       | 0.000      | 0.009      |             | 0.019  | 0.107f          |
| infifo/_065_ (net)            | 1      |             |            |            | 0.000       |        |                 |
| infifo/_367_:A (BUF_X1)       |        | 0.001       | 0.000      | 0.009      |             | 0.000  | 0.107f          |
| infifo/_367_:Z (BUF_X1)       |        | 0.001       | 0.000      | 0.006      |             | 0.028  | 0.134f          |
| infifo/_013_ (net)            | 1      |             |            |            | 0.000       |        |                 |
| infifo/_391_:D (DFF_X1)       |        | 0.001       | 0.000      | 0.006      |             | 0.000  | 0.134f          |
|                               |        |             |            |            |             |        |                 |
| CLK (port)                    |        | 0.186       | 0.000      | 0.000      |             | 0.000  | 0.000r          |
| CLK (clock net)               | 196    |             |            |            | NA          |        |                 |
| infifo/_391_:CK (DFF_X1)      |        | 0.001       | 0.000      | 0.000      |             | 0.000  | 0.000r          |
| clock core_clock (rise edge)  |        |             |            |            |             | 0      | 0               |
| clock network delay (ideal)   |        |             |            |            |             | 0.000  | 0.000           |
| infifo/_391_:CK (DFF_X1)      |        |             |            |            |             |        | 0.000r          |
| library hold time             |        |             |            |            |             | 0.002  | 0.002           |
| clock reconvergence pessimism |        |             |            |            |             | -0.000 | 0.002           |
|                               |        |             |            |            |             |        |                 |
| path cell delay               |        |             |            |            |             |        | 0.134(100.000%) |
| path net delay                |        |             |            |            |             |        | 0.000(0.000%)   |
|                               |        |             |            |            |             |        |                 |
| data require time             |        |             |            |            |             |        | 0.002           |
| data arrival time             |        |             |            |            |             |        | 0.134           |
| slack (MET)                   |        |             |            |            |             |        | 0.133           |
+-------------------------------+--------+-------------+------------+------------+-------------+--------+-----------------+
