= cycle 0 ====================
= cycle 1 ====================
	Enqueued 236
	Dequeued 236
= cycle 2 ====================
	Enqueued 171
	Dequeued 171
= cycle 3 ====================
	Enqueued 70
	Dequeued 70
= cycle 4 ====================
= cycle 5 ====================
	Enqueued 141
= cycle 6 ====================
	Enqueued 99
	Dequeued 141
= cycle 7 ====================
	Enqueued 154
	Dequeued 99
= cycle 8 ====================
	Enqueued 183
	Dequeued 154
= cycle 9 ====================
	Enqueued 90
= cycle 10 ====================
	Enqueued 23
	Dequeued 183
= cycle 11 ====================
	Dequeued 90
= cycle 12 ====================
	Enqueued 198
	Dequeued 23
= cycle 13 ====================
	Enqueued 17
= cycle 14 ====================
	Enqueued 65
	Dequeued 198
= cycle 15 ====================
	Enqueued 135
	Dequeued 17
= cycle 16 ====================
	Dequeued 65
= cycle 17 ====================
	Enqueued 103
	Dequeued 135
= cycle 18 ====================
	Enqueued 151
	Dequeued 103
= cycle 19 ====================
	Enqueued 150
= cycle 20 ====================
	Enqueued 42
= cycle 21 ====================
= cycle 22 ====================
	Dequeued 151
= cycle 23 ====================
= cycle 24 ====================
	Enqueued 67
	Dequeued 150
= cycle 25 ====================
	Enqueued 58
	Dequeued 42
= cycle 26 ====================
	Enqueued 230
	Dequeued 67
= cycle 27 ====================
	Enqueued 148
= cycle 28 ====================
= cycle 29 ====================
	Dequeued 58
= cycle 30 ====================
	Dequeued 230
= cycle 31 ====================
	Enqueued 179
	Dequeued 148
= cycle 32 ====================
	Enqueued 0
	Dequeued 179
= cycle 33 ====================
	Enqueued 229
	Dequeued 0
= cycle 34 ====================
	Enqueued 208
	Dequeued 229
= cycle 35 ====================
	Dequeued 208
= cycle 36 ====================
	Enqueued 168
	Dequeued 168
= cycle 37 ====================
= cycle 38 ====================
= cycle 39 ====================
	Enqueued 99
	Dequeued 99
= cycle 40 ====================
	Enqueued 36
= cycle 41 ====================
	Enqueued 220
	Dequeued 36
= cycle 42 ====================
	Enqueued 242
= cycle 43 ====================
	Enqueued 59
= cycle 44 ====================
	Dequeued 220
= cycle 45 ====================
	Dequeued 242
= cycle 46 ====================
	Enqueued 25
	Dequeued 59
= cycle 47 ====================
	Enqueued 245
	Dequeued 25
= cycle 48 ====================
	Enqueued 28
	Dequeued 245
= cycle 49 ====================
	Enqueued 41
	Dequeued 28
= cycle 50 ====================
= cycle 51 ====================
	Enqueued 232
	Dequeued 41
= cycle 52 ====================
	Dequeued 232
= cycle 53 ====================
	Enqueued 52
	Dequeued 52
= cycle 54 ====================
= cycle 55 ====================
	Enqueued 5
	Dequeued 5
= cycle 56 ====================
= cycle 57 ====================
	Enqueued 162
	Dequeued 162
= cycle 58 ====================
	Enqueued 115
= cycle 59 ====================
	Enqueued 211
= cycle 60 ====================
	Enqueued 175
= cycle 61 ====================
= cycle 62 ====================
	Dequeued 115
= cycle 63 ====================
	Enqueued 169
	Dequeued 211
= cycle 64 ====================
= cycle 65 ====================
	Enqueued 72
	Dequeued 175
= cycle 66 ====================
	Enqueued 213
	Dequeued 169
= cycle 67 ====================
	Enqueued 68
= cycle 68 ====================
	Dequeued 72
= cycle 69 ====================
	Dequeued 213
= cycle 70 ====================
	Enqueued 6
	Dequeued 68
= cycle 71 ====================
	Dequeued 6
= cycle 72 ====================
	Enqueued 45
= cycle 73 ====================
	Enqueued 71
= cycle 74 ====================
	Enqueued 236
	Dequeued 45
= cycle 75 ====================
	Enqueued 246
	Cleared fifo
= cycle 76 ====================
= cycle 77 ====================
	Enqueued 4
	Dequeued 4
= cycle 78 ====================
= cycle 79 ====================
= cycle 80 ====================
	Enqueued 236
	Dequeued 236
= cycle 81 ====================
	Enqueued 183
	Dequeued 183
= cycle 82 ====================
	Enqueued 227
= cycle 83 ====================
	Dequeued 227
= cycle 84 ====================
	Enqueued 242
	Dequeued 242
	Cleared fifo
= cycle 85 ====================
= cycle 86 ====================
= cycle 87 ====================
= cycle 88 ====================
	Enqueued 35
	Dequeued 35
= cycle 89 ====================
= cycle 90 ====================
	Enqueued 126
	Dequeued 126
= cycle 91 ====================
	Enqueued 72
	Dequeued 72
= cycle 92 ====================
= cycle 93 ====================
	Enqueued 144
	Dequeued 144
= cycle 94 ====================
	Enqueued 238
	Dequeued 238
= cycle 95 ====================
	Enqueued 229
= cycle 96 ====================
	Enqueued 245
	Dequeued 229
= cycle 97 ====================
	Enqueued 83
	Dequeued 245
= cycle 98 ====================
	Dequeued 83
= cycle 99 ====================
= cycle 100 ====================
= cycle 101 ====================
	Enqueued 152
	Dequeued 152
= cycle 102 ====================
	Enqueued 117
= cycle 103 ====================
	Enqueued 138
= cycle 104 ====================
	Enqueued 41
	Dequeued 117
	Cleared fifo
= cycle 105 ====================
= cycle 106 ====================
	Enqueued 89
	Dequeued 89
= cycle 107 ====================
	Enqueued 172
	Dequeued 172
= cycle 108 ====================
	Enqueued 236
	Dequeued 236
	Cleared fifo
= cycle 109 ====================
	Enqueued 241
= cycle 110 ====================
= cycle 111 ====================
= cycle 112 ====================
	Enqueued 102
= cycle 113 ====================
	Enqueued 99
	Dequeued 241
= cycle 114 ====================
	Enqueued 131
	Dequeued 102
= cycle 115 ====================
	Dequeued 99
= cycle 116 ====================
	Enqueued 22
	Dequeued 131
= cycle 117 ====================
	Enqueued 31
= cycle 118 ====================
	Dequeued 22
= cycle 119 ====================
	Enqueued 79
	Dequeued 31
= cycle 120 ====================
	Enqueued 99
= cycle 121 ====================
	Enqueued 228
	Dequeued 79
= cycle 122 ====================
	Dequeued 99
= cycle 123 ====================
	Enqueued 236
	Dequeued 228
= cycle 124 ====================
	Enqueued 216
	Dequeued 236
= cycle 125 ====================
	Enqueued 157
	Dequeued 216
= cycle 126 ====================
	Enqueued 165
	Dequeued 157
= cycle 127 ====================
	Enqueued 31
	Dequeued 165
= cycle 128 ====================
	Enqueued 202
	Dequeued 31
= cycle 129 ====================
	Dequeued 202
= cycle 130 ====================
	Enqueued 186
	Dequeued 186
= cycle 131 ====================
= cycle 132 ====================
= cycle 133 ====================
	Enqueued 42
	Dequeued 42
= cycle 134 ====================
	Enqueued 97
= cycle 135 ====================
	Enqueued 94
	Dequeued 97
	Cleared fifo
= cycle 136 ====================
	Enqueued 218
	Dequeued 218
= cycle 137 ====================
= cycle 138 ====================
	Enqueued 153
	Dequeued 153
= cycle 139 ====================
= cycle 140 ====================
	Enqueued 212
	Dequeued 212
= cycle 141 ====================
= cycle 142 ====================
	Enqueued 163
	Dequeued 163
= cycle 143 ====================
	Enqueued 255
	Dequeued 255
= cycle 144 ====================
	Enqueued 21
	Dequeued 21
= cycle 145 ====================
	Enqueued 238
	Dequeued 238
= cycle 146 ====================
	Enqueued 97
	Dequeued 97
= cycle 147 ====================
= cycle 148 ====================
	Enqueued 129
= cycle 149 ====================
	Enqueued 166
	Dequeued 129
= cycle 150 ====================
	Enqueued 207
	Dequeued 166
= cycle 151 ====================
	Enqueued 58
	Dequeued 207
= cycle 152 ====================
	Enqueued 118
	Dequeued 58
= cycle 153 ====================
	Enqueued 255
	Dequeued 118
= cycle 154 ====================
	Enqueued 253
	Dequeued 255
= cycle 155 ====================
	Enqueued 103
	Dequeued 253
= cycle 156 ====================
	Enqueued 140
	Dequeued 103
= cycle 157 ====================
	Enqueued 189
	Dequeued 140
= cycle 158 ====================
	Enqueued 106
= cycle 159 ====================
	Enqueued 60
	Dequeued 189
= cycle 160 ====================
	Enqueued 237
= cycle 161 ====================
	Dequeued 106
= cycle 162 ====================
	Enqueued 0
	Dequeued 60
	Cleared fifo
= cycle 163 ====================
= cycle 164 ====================
	Enqueued 23
= cycle 165 ====================
	Enqueued 152
	Dequeued 23
= cycle 166 ====================
	Enqueued 209
	Dequeued 152
= cycle 167 ====================
	Dequeued 209
= cycle 168 ====================
	Enqueued 14
	Dequeued 14
= cycle 169 ====================
	Enqueued 214
= cycle 170 ====================
	Enqueued 246
	Dequeued 214
= cycle 171 ====================
	Enqueued 22
	Dequeued 246
= cycle 172 ====================
	Enqueued 45
	Dequeued 22
= cycle 173 ====================
	Enqueued 185
	Dequeued 45
= cycle 174 ====================
	Enqueued 31
	Dequeued 185
= cycle 175 ====================
	Dequeued 31
= cycle 176 ====================
	Enqueued 43
	Dequeued 43
= cycle 177 ====================
	Enqueued 7
	Dequeued 7
= cycle 178 ====================
	Enqueued 139
= cycle 179 ====================
	Enqueued 164
	Dequeued 139
= cycle 180 ====================
	Enqueued 146
	Dequeued 164
= cycle 181 ====================
	Enqueued 53
= cycle 182 ====================
	Enqueued 209
	Dequeued 146
= cycle 183 ====================
	Dequeued 53
= cycle 184 ====================
	Dequeued 209
= cycle 185 ====================
	Enqueued 32
	Dequeued 32
= cycle 186 ====================
	Enqueued 221
	Dequeued 221
= cycle 187 ====================
= cycle 188 ====================
= cycle 189 ====================
	Enqueued 76
	Dequeued 76
= cycle 190 ====================
	Enqueued 168
	Dequeued 168
= cycle 191 ====================
= cycle 192 ====================
	Enqueued 6
= cycle 193 ====================
	Enqueued 14
	Dequeued 6
= cycle 194 ====================
	Enqueued 178
	Dequeued 14
= cycle 195 ====================
	Enqueued 59
= cycle 196 ====================
= cycle 197 ====================
	Enqueued 246
	Dequeued 178
= cycle 198 ====================
	Enqueued 115
	Dequeued 59
= cycle 199 ====================
	Enqueued 4
= cycle 200 ====================
	Dequeued 246
= cycle 201 ====================
	Enqueued 91
	Dequeued 115
= cycle 202 ====================
	Enqueued 34
= cycle 203 ====================
	Dequeued 4
= cycle 204 ====================
	Enqueued 86
	Dequeued 91
= cycle 205 ====================
	Enqueued 156
= cycle 206 ====================
	Dequeued 34
= cycle 207 ====================
	Enqueued 83
	Dequeued 86
= cycle 208 ====================
	Enqueued 90
	Dequeued 156
= cycle 209 ====================
= cycle 210 ====================
	Dequeued 83
= cycle 211 ====================
	Enqueued 165
	Dequeued 90
= cycle 212 ====================
	Enqueued 183
	Dequeued 165
= cycle 213 ====================
	Enqueued 154
	Dequeued 183
= cycle 214 ====================
	Enqueued 35
	Dequeued 154
= cycle 215 ====================
	Enqueued 91
	Dequeued 35
= cycle 216 ====================
	Enqueued 77
	Dequeued 91
= cycle 217 ====================
	Enqueued 113
	Dequeued 77
= cycle 218 ====================
	Enqueued 55
	Dequeued 113
= cycle 219 ====================
	Dequeued 55
= cycle 220 ====================
= cycle 221 ====================
	Enqueued 79
	Dequeued 79
= cycle 222 ====================
	Enqueued 31
= cycle 223 ====================
	Enqueued 192
	Dequeued 31
= cycle 224 ====================
	Enqueued 123
	Dequeued 192
= cycle 225 ====================
	Dequeued 123
= cycle 226 ====================
	Enqueued 219
= cycle 227 ====================
	Enqueued 82
	Dequeued 219
= cycle 228 ====================
	Enqueued 212
	Dequeued 82
= cycle 229 ====================
= cycle 230 ====================
	Dequeued 212
= cycle 231 ====================
= cycle 232 ====================
	Enqueued 253
= cycle 233 ====================
	Enqueued 113
	Dequeued 253
= cycle 234 ====================
	Enqueued 181
	Dequeued 113
= cycle 235 ====================
	Dequeued 181
= cycle 236 ====================
	Enqueued 166
	Dequeued 166
= cycle 237 ====================
	Enqueued 29
	Dequeued 29
= cycle 238 ====================
	Enqueued 110
= cycle 239 ====================
	Dequeued 110
= cycle 240 ====================
	Enqueued 248
= cycle 241 ====================
	Enqueued 227
	Dequeued 248
= cycle 242 ====================
	Enqueued 185
	Dequeued 227
= cycle 243 ====================
	Enqueued 34
	Dequeued 185
= cycle 244 ====================
	Dequeued 34
= cycle 245 ====================
	Enqueued 144
= cycle 246 ====================
	Dequeued 144
= cycle 247 ====================
	Enqueued 45
= cycle 248 ====================
	Dequeued 45
= cycle 249 ====================
= cycle 250 ====================
	Enqueued 134
	Dequeued 134
= cycle 251 ====================
	Enqueued 141
	Dequeued 141
= cycle 252 ====================
	Enqueued 44
	Dequeued 44
= cycle 253 ====================
	Enqueued 106
= cycle 254 ====================
	Enqueued 57
	Dequeued 106
= cycle 255 ====================
	Enqueued 234
	Dequeued 57
= cycle 256 ====================
	Enqueued 135
= cycle 257 ====================
	Enqueued 97
= cycle 258 ====================
= cycle 259 ====================
= cycle 260 ====================
= cycle 261 ====================
	Dequeued 234
= cycle 262 ====================
	Enqueued 138
= cycle 263 ====================
	Dequeued 135
= cycle 264 ====================
	Dequeued 97
= cycle 265 ====================
	Enqueued 58
	Dequeued 138
= cycle 266 ====================
	Enqueued 148
= cycle 267 ====================
= cycle 268 ====================
	Enqueued 222
	Dequeued 58
= cycle 269 ====================
	Enqueued 223
	Dequeued 148
= cycle 270 ====================
	Dequeued 222
= cycle 271 ====================
	Enqueued 209
	Dequeued 223
= cycle 272 ====================
	Dequeued 209
= cycle 273 ====================
	Enqueued 174
	Dequeued 174
= cycle 274 ====================
	Enqueued 97
	Dequeued 97
= cycle 275 ====================
	Cleared fifo
= cycle 276 ====================
	Enqueued 158
	Dequeued 158
= cycle 277 ====================
	Enqueued 101
= cycle 278 ====================
	Enqueued 2
	Dequeued 101
= cycle 279 ====================
	Dequeued 2
= cycle 280 ====================
	Enqueued 239
= cycle 281 ====================
	Enqueued 102
= cycle 282 ====================
	Enqueued 83
= cycle 283 ====================
	Dequeued 239
= cycle 284 ====================
	Enqueued 107
	Dequeued 102
= cycle 285 ====================
	Enqueued 1
	Cleared fifo
= cycle 286 ====================
	Enqueued 170
= cycle 287 ====================
	Enqueued 96
	Dequeued 170
= cycle 288 ====================
	Enqueued 96
	Dequeued 96
= cycle 289 ====================
	Enqueued 221
	Dequeued 96
= cycle 290 ====================
	Enqueued 106
	Dequeued 221
	Cleared fifo
= cycle 291 ====================
	Enqueued 50
	Dequeued 50
= cycle 292 ====================
= cycle 293 ====================
	Enqueued 183
	Dequeued 183
= cycle 294 ====================
	Enqueued 24
= cycle 295 ====================
	Enqueued 54
= cycle 296 ====================
	Enqueued 191
= cycle 297 ====================
= cycle 298 ====================
	Dequeued 24
= cycle 299 ====================
	Enqueued 90
= cycle 300 ====================
	Dequeued 54
= cycle 301 ====================
	Enqueued 111
	Dequeued 191
= cycle 302 ====================
	Dequeued 90
= cycle 303 ====================
= cycle 304 ====================
	Enqueued 126
= cycle 305 ====================
	Enqueued 191
	Dequeued 111
= cycle 306 ====================
	Enqueued 17
	Dequeued 126
= cycle 307 ====================
	Enqueued 56
	Dequeued 191
= cycle 308 ====================
	Enqueued 251
	Dequeued 17
= cycle 309 ====================
	Enqueued 169
	Dequeued 56
= cycle 310 ====================
	Enqueued 115
	Dequeued 251
= cycle 311 ====================
	Enqueued 187
	Dequeued 169
= cycle 312 ====================
	Enqueued 132
	Dequeued 115
= cycle 313 ====================
	Dequeued 187
= cycle 314 ====================
	Enqueued 85
	Dequeued 132
	Cleared fifo
= cycle 315 ====================
	Enqueued 175
= cycle 316 ====================
	Enqueued 147
	Dequeued 175
= cycle 317 ====================
	Enqueued 242
	Dequeued 147
= cycle 318 ====================
	Enqueued 250
	Dequeued 242
= cycle 319 ====================
	Enqueued 120
	Dequeued 250
= cycle 320 ====================
	Dequeued 120
= cycle 321 ====================
	Enqueued 85
= cycle 322 ====================
	Enqueued 51
	Dequeued 85
= cycle 323 ====================
	Enqueued 207
= cycle 324 ====================
	Dequeued 51
= cycle 325 ====================
	Enqueued 170
	Dequeued 207
= cycle 326 ====================
	Enqueued 250
	Dequeued 170
= cycle 327 ====================
	Dequeued 250
= cycle 328 ====================
	Enqueued 116
= cycle 329 ====================
	Dequeued 116
= cycle 330 ====================
	Enqueued 28
	Dequeued 28
= cycle 331 ====================
	Enqueued 137
= cycle 332 ====================
	Enqueued 56
	Dequeued 137
= cycle 333 ====================
	Enqueued 30
	Dequeued 56
= cycle 334 ====================
	Enqueued 47
	Dequeued 30
= cycle 335 ====================
	Enqueued 43
= cycle 336 ====================
	Dequeued 47
= cycle 337 ====================
	Enqueued 206
	Dequeued 43
= cycle 338 ====================
	Enqueued 140
= cycle 339 ====================
	Dequeued 206
= cycle 340 ====================
	Enqueued 16
	Dequeued 140
= cycle 341 ====================
	Enqueued 239
	Dequeued 16
= cycle 342 ====================
	Enqueued 230
	Dequeued 239
= cycle 343 ====================
	Enqueued 207
	Dequeued 230
= cycle 344 ====================
	Dequeued 207
= cycle 345 ====================
	Enqueued 249
	Dequeued 249
= cycle 346 ====================
	Enqueued 172
= cycle 347 ====================
	Enqueued 61
	Dequeued 172
= cycle 348 ====================
= cycle 349 ====================
	Enqueued 43
	Dequeued 61
= cycle 350 ====================
	Enqueued 150
	Dequeued 43
= cycle 351 ====================
	Dequeued 150
= cycle 352 ====================
= cycle 353 ====================
	Enqueued 220
	Dequeued 220
= cycle 354 ====================
	Enqueued 116
= cycle 355 ====================
	Enqueued 107
	Dequeued 116
= cycle 356 ====================
	Enqueued 101
	Dequeued 107
= cycle 357 ====================
	Enqueued 60
	Dequeued 101
	Cleared fifo
= cycle 358 ====================
= cycle 359 ====================
	Cleared fifo
= cycle 360 ====================
	Enqueued 24
	Dequeued 24
= cycle 361 ====================
	Enqueued 139
	Dequeued 139
= cycle 362 ====================
	Enqueued 226
	Dequeued 226
= cycle 363 ====================
	Enqueued 82
= cycle 364 ====================
	Enqueued 39
	Dequeued 82
= cycle 365 ====================
	Enqueued 123
	Dequeued 39
= cycle 366 ====================
	Enqueued 173
	Dequeued 123
= cycle 367 ====================
	Dequeued 173
= cycle 368 ====================
	Enqueued 88
	Dequeued 88
= cycle 369 ====================
	Enqueued 22
	Dequeued 22
= cycle 370 ====================
= cycle 371 ====================
	Enqueued 64
	Dequeued 64
= cycle 372 ====================
	Enqueued 18
	Dequeued 18
= cycle 373 ====================
	Enqueued 98
	Dequeued 98
= cycle 374 ====================
	Enqueued 114
	Dequeued 114
	Cleared fifo
= cycle 375 ====================
	Enqueued 108
	Dequeued 108
= cycle 376 ====================
	Enqueued 94
= cycle 377 ====================
	Dequeued 94
= cycle 378 ====================
	Enqueued 27
	Dequeued 27
= cycle 379 ====================
	Enqueued 178
	Dequeued 178
= cycle 380 ====================
	Enqueued 154
	Dequeued 154
= cycle 381 ====================
	Enqueued 144
	Dequeued 144
= cycle 382 ====================
= cycle 383 ====================
	Enqueued 134
= cycle 384 ====================
	Enqueued 217
	Dequeued 134
= cycle 385 ====================
	Dequeued 217
= cycle 386 ====================
	Enqueued 122
	Dequeued 122
= cycle 387 ====================
	Enqueued 170
	Dequeued 170
= cycle 388 ====================
	Enqueued 248
	Dequeued 248
= cycle 389 ====================
	Enqueued 209
	Dequeued 209
= cycle 390 ====================
	Enqueued 177
	Dequeued 177
= cycle 391 ====================
= cycle 392 ====================
	Enqueued 138
= cycle 393 ====================
	Enqueued 60
	Dequeued 138
= cycle 394 ====================
	Enqueued 78
= cycle 395 ====================
= cycle 396 ====================
	Enqueued 27
	Dequeued 60
= cycle 397 ====================
	Enqueued 205
	Dequeued 78
= cycle 398 ====================
	Enqueued 178
	Dequeued 27
= cycle 399 ====================
	Dequeued 205
= cycle 400 ====================
	Enqueued 71
	Dequeued 178
= cycle 401 ====================
= cycle 402 ====================
	Enqueued 81
	Dequeued 71
= cycle 403 ====================
	Enqueued 245
	Dequeued 81
= cycle 404 ====================
	Enqueued 216
	Dequeued 245
	Cleared fifo
= cycle 405 ====================
	Enqueued 61
= cycle 406 ====================
= cycle 407 ====================
	Enqueued 172
	Dequeued 61
= cycle 408 ====================
	Enqueued 196
	Dequeued 172
= cycle 409 ====================
	Enqueued 100
	Dequeued 196
= cycle 410 ====================
	Enqueued 209
	Dequeued 100
= cycle 411 ====================
	Enqueued 53
= cycle 412 ====================
	Enqueued 180
	Dequeued 209
= cycle 413 ====================
	Enqueued 95
	Dequeued 53
= cycle 414 ====================
	Enqueued 177
	Dequeued 180
= cycle 415 ====================
	Dequeued 95
= cycle 416 ====================
	Enqueued 150
	Dequeued 177
= cycle 417 ====================
	Dequeued 150
= cycle 418 ====================
= cycle 419 ====================
	Enqueued 108
	Dequeued 108
= cycle 420 ====================
	Enqueued 188
	Dequeued 188
= cycle 421 ====================
	Enqueued 42
	Dequeued 42
= cycle 422 ====================
= cycle 423 ====================
	Enqueued 243
	Dequeued 243
= cycle 424 ====================
	Enqueued 82
	Dequeued 82
= cycle 425 ====================
	Enqueued 113
= cycle 426 ====================
	Enqueued 3
	Dequeued 113
= cycle 427 ====================
	Enqueued 22
	Dequeued 3
= cycle 428 ====================
= cycle 429 ====================
	Enqueued 152
	Dequeued 22
= cycle 430 ====================
	Enqueued 132
= cycle 431 ====================
	Enqueued 23
= cycle 432 ====================
	Dequeued 152
= cycle 433 ====================
	Enqueued 184
	Dequeued 132
= cycle 434 ====================
	Enqueued 126
	Dequeued 23
= cycle 435 ====================
	Dequeued 184
= cycle 436 ====================
	Enqueued 95
= cycle 437 ====================
	Enqueued 187
= cycle 438 ====================
	Dequeued 126
	Cleared fifo
= cycle 439 ====================
= cycle 440 ====================
= cycle 441 ====================
	Enqueued 177
	Dequeued 177
= cycle 442 ====================
	Enqueued 201
	Dequeued 201
= cycle 443 ====================
= cycle 444 ====================
= cycle 445 ====================
	Enqueued 239
	Dequeued 239
= cycle 446 ====================
	Enqueued 153
	Dequeued 153
= cycle 447 ====================
	Enqueued 238
	Dequeued 238
= cycle 448 ====================
	Enqueued 219
	Dequeued 219
= cycle 449 ====================
	Enqueued 199
	Dequeued 199
= cycle 450 ====================
	Enqueued 176
	Dequeued 176
	Cleared fifo
= cycle 451 ====================
= cycle 452 ====================
= cycle 453 ====================
	Enqueued 78
	Dequeued 78
= cycle 454 ====================
= cycle 455 ====================
	Enqueued 145
	Dequeued 145
= cycle 456 ====================
= cycle 457 ====================
	Enqueued 50
= cycle 458 ====================
	Dequeued 50
= cycle 459 ====================
	Enqueued 87
	Dequeued 87
	Cleared fifo
= cycle 460 ====================
	Enqueued 150
= cycle 461 ====================
	Enqueued 106
	Dequeued 150
= cycle 462 ====================
	Enqueued 155
	Dequeued 106
= cycle 463 ====================
	Enqueued 126
	Dequeued 155
= cycle 464 ====================
	Enqueued 58
	Dequeued 126
	Cleared fifo
= cycle 465 ====================
	Enqueued 69
= cycle 466 ====================
	Enqueued 81
	Dequeued 69
= cycle 467 ====================
	Enqueued 227
	Dequeued 81
= cycle 468 ====================
	Enqueued 232
	Dequeued 227
= cycle 469 ====================
	Dequeued 232
= cycle 470 ====================
	Enqueued 102
	Dequeued 102
	Cleared fifo
= cycle 471 ====================
	Enqueued 88
	Dequeued 88
= cycle 472 ====================
	Enqueued 119
= cycle 473 ====================
	Enqueued 206
	Dequeued 119
= cycle 474 ====================
	Enqueued 199
	Dequeued 206
= cycle 475 ====================
= cycle 476 ====================
	Enqueued 6
= cycle 477 ====================
	Enqueued 174
	Dequeued 199
= cycle 478 ====================
= cycle 479 ====================
	Enqueued 223
= cycle 480 ====================
	Dequeued 6
= cycle 481 ====================
= cycle 482 ====================
	Enqueued 219
= cycle 483 ====================
= cycle 484 ====================
= cycle 485 ====================
	Cleared fifo
= cycle 486 ====================
	Enqueued 254
= cycle 487 ====================
	Enqueued 58
	Dequeued 254
= cycle 488 ====================
	Enqueued 119
	Dequeued 58
= cycle 489 ====================
	Enqueued 147
= cycle 490 ====================
	Dequeued 119
= cycle 491 ====================
	Enqueued 110
= cycle 492 ====================
	Dequeued 147
= cycle 493 ====================
	Enqueued 196
	Dequeued 110
= cycle 494 ====================
	Enqueued 35
	Dequeued 196
= cycle 495 ====================
	Dequeued 35
= cycle 496 ====================
	Enqueued 31
	Dequeued 31
= cycle 497 ====================
	Enqueued 210
	Dequeued 210
= cycle 498 ====================
	Enqueued 144
	Dequeued 144
= cycle 499 ====================
	Enqueued 97
	Dequeued 97
= cycle 500 ====================
= cycle 501 ====================
	Enqueued 183
= cycle 502 ====================
	Enqueued 174
	Dequeued 183
= cycle 503 ====================
	Dequeued 174
= cycle 504 ====================
= cycle 505 ====================
	Enqueued 68
	Dequeued 68
= cycle 506 ====================
= cycle 507 ====================
	Enqueued 247
	Dequeued 247
= cycle 508 ====================
	Enqueued 83
= cycle 509 ====================
	Enqueued 79
	Dequeued 83
= cycle 510 ====================
	Enqueued 9
= cycle 511 ====================
	Enqueued 243
	Dequeued 79
= cycle 512 ====================
	Enqueued 121
= cycle 513 ====================
= cycle 514 ====================
	Dequeued 9
= cycle 515 ====================
= cycle 516 ====================
	Enqueued 102
	Dequeued 243
= cycle 517 ====================
	Enqueued 166
	Dequeued 121
= cycle 518 ====================
	Enqueued 226
	Dequeued 102
	Cleared fifo
= cycle 519 ====================
	Enqueued 14
	Dequeued 14
= cycle 520 ====================
= cycle 521 ====================
	Enqueued 75
	Dequeued 75
= cycle 522 ====================
	Enqueued 58
	Dequeued 58
= cycle 523 ====================
	Enqueued 48
	Cleared fifo
= cycle 524 ====================
	Enqueued 172
	Dequeued 172
= cycle 525 ====================
= cycle 526 ====================
	Enqueued 86
	Dequeued 86
= cycle 527 ====================
	Enqueued 54
	Dequeued 54
= cycle 528 ====================
= cycle 529 ====================
= cycle 530 ====================
	Enqueued 168
	Dequeued 168
= cycle 531 ====================
	Enqueued 229
	Dequeued 229
= cycle 532 ====================
	Enqueued 24
	Dequeued 24
= cycle 533 ====================
	Enqueued 184
	Dequeued 184
= cycle 534 ====================
	Enqueued 8
	Dequeued 8
= cycle 535 ====================
	Enqueued 211
	Dequeued 211
= cycle 536 ====================
	Enqueued 142
= cycle 537 ====================
	Enqueued 47
	Dequeued 142
= cycle 538 ====================
	Enqueued 89
	Dequeued 47
= cycle 539 ====================
	Enqueued 116
	Dequeued 89
= cycle 540 ====================
	Enqueued 215
	Dequeued 116
= cycle 541 ====================
	Enqueued 153
= cycle 542 ====================
	Enqueued 228
	Dequeued 215
= cycle 543 ====================
	Dequeued 153
= cycle 544 ====================
	Enqueued 129
	Dequeued 228
= cycle 545 ====================
	Enqueued 142
	Dequeued 129
= cycle 546 ====================
	Enqueued 66
= cycle 547 ====================
	Dequeued 142
= cycle 548 ====================
	Enqueued 169
	Dequeued 66
= cycle 549 ====================
	Enqueued 148
= cycle 550 ====================
	Enqueued 106
	Dequeued 169
= cycle 551 ====================
	Enqueued 85
	Dequeued 148
= cycle 552 ====================
	Enqueued 253
	Dequeued 106
= cycle 553 ====================
	Dequeued 85
= cycle 554 ====================
	Dequeued 253
= cycle 555 ====================
	Enqueued 144
	Dequeued 144
= cycle 556 ====================
	Enqueued 58
	Dequeued 58
= cycle 557 ====================
	Enqueued 224
	Dequeued 224
= cycle 558 ====================
	Enqueued 32
= cycle 559 ====================
	Enqueued 219
	Dequeued 32
= cycle 560 ====================
	Enqueued 98
	Dequeued 219
= cycle 561 ====================
	Enqueued 227
	Dequeued 98
= cycle 562 ====================
	Enqueued 113
= cycle 563 ====================
= cycle 564 ====================
	Enqueued 24
	Dequeued 227
= cycle 565 ====================
	Enqueued 19
= cycle 566 ====================
	Dequeued 113
= cycle 567 ====================
	Enqueued 96
= cycle 568 ====================
= cycle 569 ====================
	Dequeued 24
= cycle 570 ====================
	Enqueued 82
= cycle 571 ====================
	Dequeued 19
= cycle 572 ====================
	Enqueued 60
	Dequeued 96
= cycle 573 ====================
	Enqueued 116
= cycle 574 ====================
	Dequeued 82
= cycle 575 ====================
	Enqueued 29
	Dequeued 60
= cycle 576 ====================
	Enqueued 206
= cycle 577 ====================
	Dequeued 116
= cycle 578 ====================
	Enqueued 255
	Dequeued 29
= cycle 579 ====================
	Enqueued 201
= cycle 580 ====================
	Dequeued 206
= cycle 581 ====================
	Enqueued 58
= cycle 582 ====================
= cycle 583 ====================
	Dequeued 255
= cycle 584 ====================
	Enqueued 124
	Dequeued 201
= cycle 585 ====================
	Enqueued 241
	Dequeued 58
= cycle 586 ====================
	Enqueued 85
	Cleared fifo
= cycle 587 ====================
= cycle 588 ====================
	Enqueued 76
= cycle 589 ====================
	Dequeued 76
= cycle 590 ====================
	Enqueued 233
	Dequeued 233
= cycle 591 ====================
	Enqueued 148
	Dequeued 148
= cycle 592 ====================
	Enqueued 255
	Dequeued 255
= cycle 593 ====================
	Enqueued 49
	Dequeued 49
	Cleared fifo
= cycle 594 ====================
	Enqueued 118
	Dequeued 118
= cycle 595 ====================
= cycle 596 ====================
= cycle 597 ====================
	Enqueued 38
	Dequeued 38
	Cleared fifo
= cycle 598 ====================
= cycle 599 ====================
	Enqueued 188
	Dequeued 188
= cycle 600 ====================
	Enqueued 189
= cycle 601 ====================
	Enqueued 192
= cycle 602 ====================
	Enqueued 141
= cycle 603 ====================
	Dequeued 189
= cycle 604 ====================
	Enqueued 178
= cycle 605 ====================
	Dequeued 192
= cycle 606 ====================
	Enqueued 222
	Dequeued 141
	Cleared fifo
= cycle 607 ====================
= cycle 608 ====================
	Enqueued 233
	Dequeued 233
= cycle 609 ====================
	Enqueued 143
	Dequeued 143
= cycle 610 ====================
	Enqueued 90
= cycle 611 ====================
	Enqueued 91
	Dequeued 90
= cycle 612 ====================
	Enqueued 177
	Dequeued 91
= cycle 613 ====================
	Enqueued 160
	Dequeued 177
= cycle 614 ====================
	Dequeued 160
= cycle 615 ====================
	Enqueued 158
	Dequeued 158
= cycle 616 ====================
= cycle 617 ====================
= cycle 618 ====================
	Enqueued 210
	Dequeued 210
= cycle 619 ====================
	Enqueued 161
	Dequeued 161
= cycle 620 ====================
	Enqueued 98
	Dequeued 98
= cycle 621 ====================
	Enqueued 237
	Dequeued 237
= cycle 622 ====================
	Enqueued 192
	Dequeued 192
= cycle 623 ====================
= cycle 624 ====================
	Enqueued 35
	Dequeued 35
= cycle 625 ====================
= cycle 626 ====================
	Enqueued 255
= cycle 627 ====================
	Enqueued 138
	Dequeued 255
	Cleared fifo
= cycle 628 ====================
	Enqueued 134
	Dequeued 134
= cycle 629 ====================
= cycle 630 ====================
	Enqueued 14
	Dequeued 14
= cycle 631 ====================
	Enqueued 102
= cycle 632 ====================
	Enqueued 254
	Dequeued 102
= cycle 633 ====================
	Dequeued 254
= cycle 634 ====================
	Enqueued 134
= cycle 635 ====================
	Enqueued 179
= cycle 636 ====================
	Enqueued 200
	Dequeued 134
= cycle 637 ====================
	Enqueued 96
	Dequeued 179
= cycle 638 ====================
	Dequeued 200
= cycle 639 ====================
	Enqueued 49
= cycle 640 ====================
	Enqueued 62
	Dequeued 96
	Cleared fifo
= cycle 641 ====================
	Enqueued 18
= cycle 642 ====================
	Dequeued 18
= cycle 643 ====================
= cycle 644 ====================
	Enqueued 149
	Dequeued 149
= cycle 645 ====================
	Enqueued 197
	Dequeued 197
= cycle 646 ====================
= cycle 647 ====================
= cycle 648 ====================
	Enqueued 40
= cycle 649 ====================
= cycle 650 ====================
	Dequeued 40
= cycle 651 ====================
= cycle 652 ====================
	Enqueued 5
	Dequeued 5
= cycle 653 ====================
= cycle 654 ====================
	Enqueued 254
	Dequeued 254
= cycle 655 ====================
	Enqueued 106
	Dequeued 106
= cycle 656 ====================
= cycle 657 ====================
	Enqueued 162
= cycle 658 ====================
	Enqueued 27
	Dequeued 162
= cycle 659 ====================
	Enqueued 35
	Dequeued 27
= cycle 660 ====================
	Dequeued 35
= cycle 661 ====================
	Enqueued 184
	Dequeued 184
	Cleared fifo
= cycle 662 ====================
	Enqueued 74
	Dequeued 74
= cycle 663 ====================
	Enqueued 239
	Dequeued 239
= cycle 664 ====================
= cycle 665 ====================
	Cleared fifo
= cycle 666 ====================
= cycle 667 ====================
	Enqueued 20
= cycle 668 ====================
	Dequeued 20
= cycle 669 ====================
	Enqueued 82
	Dequeued 82
= cycle 670 ====================
= cycle 671 ====================
	Enqueued 246
	Dequeued 246
= cycle 672 ====================
	Enqueued 173
	Dequeued 173
= cycle 673 ====================
	Enqueued 14
	Cleared fifo
= cycle 674 ====================
	Enqueued 110
	Dequeued 110
= cycle 675 ====================
	Enqueued 63
= cycle 676 ====================
	Enqueued 248
	Dequeued 63
= cycle 677 ====================
	Enqueued 60
	Dequeued 248
= cycle 678 ====================
	Enqueued 61
	Dequeued 60
= cycle 679 ====================
	Enqueued 211
	Dequeued 61
= cycle 680 ====================
	Cleared fifo
= cycle 681 ====================
	Enqueued 39
	Dequeued 39
= cycle 682 ====================
	Enqueued 74
	Dequeued 74
= cycle 683 ====================
	Enqueued 238
	Dequeued 238
= cycle 684 ====================
	Enqueued 17
	Dequeued 17
= cycle 685 ====================
	Enqueued 32
	Dequeued 32
= cycle 686 ====================
= cycle 687 ====================
	Enqueued 35
	Dequeued 35
= cycle 688 ====================
	Enqueued 119
	Dequeued 119
= cycle 689 ====================
	Enqueued 150
	Dequeued 150
= cycle 690 ====================
	Enqueued 245
	Cleared fifo
= cycle 691 ====================
= cycle 692 ====================
= cycle 693 ====================
	Enqueued 19
	Dequeued 19
= cycle 694 ====================
	Enqueued 109
= cycle 695 ====================
	Enqueued 37
	Dequeued 109
	Cleared fifo
= cycle 696 ====================
= cycle 697 ====================
= cycle 698 ====================
= cycle 699 ====================
	Enqueued 115
	Dequeued 115
= cycle 700 ====================
= cycle 701 ====================
	Enqueued 192
= cycle 702 ====================
= cycle 703 ====================
	Enqueued 122
	Dequeued 192
	Cleared fifo
= cycle 704 ====================
	Enqueued 111
= cycle 705 ====================
	Dequeued 111
= cycle 706 ====================
	Enqueued 65
	Dequeued 65
= cycle 707 ====================
	Enqueued 133
	Dequeued 133
= cycle 708 ====================
	Enqueued 246
	Dequeued 246
= cycle 709 ====================
	Enqueued 107
	Dequeued 107
= cycle 710 ====================
	Enqueued 49
= cycle 711 ====================
	Enqueued 88
	Dequeued 49
= cycle 712 ====================
	Enqueued 122
= cycle 713 ====================
	Enqueued 4
= cycle 714 ====================
	Dequeued 88
= cycle 715 ====================
	Dequeued 122
= cycle 716 ====================
	Enqueued 72
	Dequeued 4
= cycle 717 ====================
	Enqueued 46
= cycle 718 ====================
	Dequeued 72
= cycle 719 ====================
	Enqueued 65
	Dequeued 46
= cycle 720 ====================
	Enqueued 65
	Dequeued 65
= cycle 721 ====================
	Enqueued 165
	Dequeued 65
= cycle 722 ====================
	Enqueued 45
	Dequeued 165
= cycle 723 ====================
	Enqueued 68
	Dequeued 45
= cycle 724 ====================
	Enqueued 50
	Dequeued 68
= cycle 725 ====================
	Dequeued 50
	Cleared fifo
= cycle 726 ====================
= cycle 727 ====================
	Enqueued 177
	Dequeued 177
= cycle 728 ====================
	Enqueued 129
= cycle 729 ====================
	Enqueued 184
	Dequeued 129
= cycle 730 ====================
	Enqueued 73
	Dequeued 184
= cycle 731 ====================
	Enqueued 80
	Dequeued 73
= cycle 732 ====================
	Enqueued 46
	Dequeued 80
= cycle 733 ====================
	Dequeued 46
= cycle 734 ====================
	Enqueued 108
	Dequeued 108
= cycle 735 ====================
	Enqueued 149
= cycle 736 ====================
	Dequeued 149
= cycle 737 ====================
	Enqueued 10
= cycle 738 ====================
	Enqueued 60
	Dequeued 10
= cycle 739 ====================
	Dequeued 60
= cycle 740 ====================
	Enqueued 83
	Dequeued 83
= cycle 741 ====================
	Enqueued 148
= cycle 742 ====================
	Enqueued 12
	Dequeued 148
= cycle 743 ====================
	Enqueued 31
	Dequeued 12
= cycle 744 ====================
	Enqueued 117
= cycle 745 ====================
	Dequeued 31
= cycle 746 ====================
	Enqueued 31
	Dequeued 117
= cycle 747 ====================
	Enqueued 174
	Dequeued 31
= cycle 748 ====================
	Dequeued 174
= cycle 749 ====================
	Enqueued 0
= cycle 750 ====================
	Enqueued 154
	Dequeued 0
= cycle 751 ====================
	Enqueued 120
	Dequeued 154
= cycle 752 ====================
	Enqueued 90
	Dequeued 120
= cycle 753 ====================
	Enqueued 83
= cycle 754 ====================
	Enqueued 242
	Dequeued 90
= cycle 755 ====================
	Cleared fifo
= cycle 756 ====================
	Enqueued 146
	Dequeued 146
= cycle 757 ====================
	Enqueued 213
= cycle 758 ====================
	Dequeued 213
= cycle 759 ====================
	Enqueued 179
	Dequeued 179
= cycle 760 ====================
	Enqueued 210
	Dequeued 210
= cycle 761 ====================
	Enqueued 173
= cycle 762 ====================
	Enqueued 39
	Dequeued 173
= cycle 763 ====================
	Dequeued 39
= cycle 764 ====================
= cycle 765 ====================
	Enqueued 10
	Dequeued 10
= cycle 766 ====================
= cycle 767 ====================
= cycle 768 ====================
	Enqueued 48
	Dequeued 48
	Cleared fifo
= cycle 769 ====================
= cycle 770 ====================
	Enqueued 165
	Dequeued 165
= cycle 771 ====================
= cycle 772 ====================
= cycle 773 ====================
	Enqueued 48
	Dequeued 48
= cycle 774 ====================
= cycle 775 ====================
	Enqueued 27
	Dequeued 27
= cycle 776 ====================
	Enqueued 243
	Dequeued 243
= cycle 777 ====================
	Enqueued 14
= cycle 778 ====================
	Enqueued 98
	Dequeued 14
= cycle 779 ====================
	Dequeued 98
= cycle 780 ====================
	Enqueued 1
	Dequeued 1
= cycle 781 ====================
= cycle 782 ====================
	Enqueued 168
	Dequeued 168
= cycle 783 ====================
	Enqueued 110
= cycle 784 ====================
	Enqueued 44
	Dequeued 110
= cycle 785 ====================
	Enqueued 220
	Dequeued 44
= cycle 786 ====================
	Enqueued 221
	Dequeued 220
= cycle 787 ====================
	Enqueued 227
	Dequeued 221
= cycle 788 ====================
	Enqueued 63
	Dequeued 227
= cycle 789 ====================
	Enqueued 111
	Dequeued 63
= cycle 790 ====================
	Enqueued 20
= cycle 791 ====================
	Dequeued 111
= cycle 792 ====================
	Dequeued 20
= cycle 793 ====================
	Enqueued 100
	Dequeued 100
= cycle 794 ====================
= cycle 795 ====================
	Enqueued 100
	Dequeued 100
= cycle 796 ====================
	Enqueued 130
	Dequeued 130
= cycle 797 ====================
	Enqueued 96
	Dequeued 96
= cycle 798 ====================
	Enqueued 20
= cycle 799 ====================
	Enqueued 202
	Dequeued 20
= cycle 800 ====================
	Enqueued 2
= cycle 801 ====================
	Enqueued 92
	Dequeued 202
= cycle 802 ====================
	Enqueued 145
	Dequeued 2
= cycle 803 ====================
	Enqueued 250
	Dequeued 92
= cycle 804 ====================
	Enqueued 186
	Dequeued 145
= cycle 805 ====================
	Dequeued 250
= cycle 806 ====================
	Enqueued 87
	Dequeued 186
= cycle 807 ====================
	Enqueued 98
	Dequeued 87
= cycle 808 ====================
	Dequeued 98
= cycle 809 ====================
= cycle 810 ====================
	Enqueued 10
	Dequeued 10
= cycle 811 ====================
	Enqueued 26
	Dequeued 26
= cycle 812 ====================
	Enqueued 235
= cycle 813 ====================
	Enqueued 98
	Dequeued 235
= cycle 814 ====================
	Enqueued 5
	Dequeued 98
= cycle 815 ====================
	Enqueued 222
	Dequeued 5
= cycle 816 ====================
	Enqueued 208
	Dequeued 222
= cycle 817 ====================
	Enqueued 6
	Dequeued 208
= cycle 818 ====================
	Enqueued 45
	Dequeued 6
	Cleared fifo
= cycle 819 ====================
	Enqueued 39
= cycle 820 ====================
	Dequeued 39
= cycle 821 ====================
	Enqueued 135
	Dequeued 135
= cycle 822 ====================
= cycle 823 ====================
	Enqueued 89
	Dequeued 89
	Cleared fifo
= cycle 824 ====================
	Enqueued 83
	Dequeued 83
= cycle 825 ====================
	Enqueued 100
	Dequeued 100
= cycle 826 ====================
	Enqueued 114
	Dequeued 114
= cycle 827 ====================
	Enqueued 17
= cycle 828 ====================
	Enqueued 253
	Dequeued 17
= cycle 829 ====================
	Enqueued 149
	Dequeued 253
= cycle 830 ====================
	Enqueued 135
	Dequeued 149
= cycle 831 ====================
	Dequeued 135
= cycle 832 ====================
= cycle 833 ====================
= cycle 834 ====================
	Enqueued 87
	Dequeued 87
	Cleared fifo
= cycle 835 ====================
	Enqueued 221
	Dequeued 221
= cycle 836 ====================
	Enqueued 26
	Dequeued 26
= cycle 837 ====================
= cycle 838 ====================
	Enqueued 116
	Dequeued 116
= cycle 839 ====================
	Enqueued 141
	Dequeued 141
= cycle 840 ====================
	Enqueued 1
	Dequeued 1
= cycle 841 ====================
	Enqueued 151
= cycle 842 ====================
	Enqueued 34
= cycle 843 ====================
	Enqueued 46
	Dequeued 151
= cycle 844 ====================
	Enqueued 194
	Dequeued 34
= cycle 845 ====================
	Dequeued 46
= cycle 846 ====================
	Enqueued 122
	Dequeued 194
= cycle 847 ====================
	Dequeued 122
= cycle 848 ====================
= cycle 849 ====================
= cycle 850 ====================
	Enqueued 23
	Dequeued 23
= cycle 851 ====================
	Enqueued 138
	Dequeued 138
= cycle 852 ====================
	Enqueued 69
	Dequeued 69
= cycle 853 ====================
	Enqueued 163
= cycle 854 ====================
	Enqueued 22
= cycle 855 ====================
	Enqueued 250
	Dequeued 163
= cycle 856 ====================
	Enqueued 174
	Dequeued 22
= cycle 857 ====================
	Enqueued 60
	Cleared fifo
= cycle 858 ====================
	Enqueued 104
= cycle 859 ====================
	Enqueued 52
= cycle 860 ====================
	Enqueued 172
	Dequeued 104
= cycle 861 ====================
	Enqueued 173
	Dequeued 52
= cycle 862 ====================
	Enqueued 200
= cycle 863 ====================
	Dequeued 172
= cycle 864 ====================
	Enqueued 150
	Dequeued 173
= cycle 865 ====================
	Enqueued 150
	Dequeued 200
= cycle 866 ====================
	Enqueued 242
	Dequeued 150
= cycle 867 ====================
	Enqueued 228
	Dequeued 150
= cycle 868 ====================
	Cleared fifo
= cycle 869 ====================
	Enqueued 116
	Dequeued 116
= cycle 870 ====================
	Enqueued 221
= cycle 871 ====================
	Enqueued 238
	Dequeued 221
= cycle 872 ====================
	Enqueued 130
= cycle 873 ====================
	Enqueued 253
	Dequeued 238
= cycle 874 ====================
	Enqueued 57
	Dequeued 130
= cycle 875 ====================
	Dequeued 253
= cycle 876 ====================
	Enqueued 187
	Dequeued 57
= cycle 877 ====================
= cycle 878 ====================
	Enqueued 204
= cycle 879 ====================
	Enqueued 134
	Dequeued 187
= cycle 880 ====================
	Enqueued 137
	Dequeued 204
= cycle 881 ====================
	Enqueued 17
= cycle 882 ====================
	Dequeued 134
= cycle 883 ====================
	Enqueued 64
	Dequeued 137
= cycle 884 ====================
	Dequeued 17
= cycle 885 ====================
	Enqueued 232
	Dequeued 64
= cycle 886 ====================
	Enqueued 2
= cycle 887 ====================
	Enqueued 125
	Dequeued 232
= cycle 888 ====================
	Enqueued 67
= cycle 889 ====================
= cycle 890 ====================
	Dequeued 2
= cycle 891 ====================
	Enqueued 25
	Dequeued 125
= cycle 892 ====================
	Enqueued 226
	Dequeued 67
= cycle 893 ====================
	Enqueued 137
	Dequeued 25
= cycle 894 ====================
	Enqueued 132
	Dequeued 226
= cycle 895 ====================
	Enqueued 156
= cycle 896 ====================
= cycle 897 ====================
= cycle 898 ====================
	Dequeued 137
= cycle 899 ====================
	Enqueued 84
	Dequeued 132
= cycle 900 ====================
	Enqueued 168
	Dequeued 156
= cycle 901 ====================
	Dequeued 84
= cycle 902 ====================
	Dequeued 168
= cycle 903 ====================
	Enqueued 119
= cycle 904 ====================
	Dequeued 119
= cycle 905 ====================
	Enqueued 240
= cycle 906 ====================
	Enqueued 120
	Dequeued 240
= cycle 907 ====================
	Enqueued 187
	Dequeued 120
= cycle 908 ====================
	Dequeued 187
= cycle 909 ====================
= cycle 910 ====================
	Enqueued 38
= cycle 911 ====================
= cycle 912 ====================
	Enqueued 3
	Dequeued 38
= cycle 913 ====================
	Enqueued 233
	Dequeued 3
= cycle 914 ====================
	Dequeued 233
= cycle 915 ====================
	Enqueued 217
	Dequeued 217
= cycle 916 ====================
	Enqueued 55
= cycle 917 ====================
	Enqueued 53
= cycle 918 ====================
	Dequeued 55
= cycle 919 ====================
	Enqueued 144
= cycle 920 ====================
	Enqueued 218
	Dequeued 53
= cycle 921 ====================
	Dequeued 144
= cycle 922 ====================
	Enqueued 184
	Dequeued 218
= cycle 923 ====================
	Enqueued 135
	Dequeued 184
= cycle 924 ====================
	Enqueued 32
	Dequeued 135
= cycle 925 ====================
	Enqueued 11
	Dequeued 32
= cycle 926 ====================
= cycle 927 ====================
	Enqueued 12
= cycle 928 ====================
	Enqueued 171
	Dequeued 11
= cycle 929 ====================
	Enqueued 193
	Dequeued 12
= cycle 930 ====================
	Enqueued 38
	Dequeued 171
= cycle 931 ====================
	Enqueued 196
	Dequeued 193
= cycle 932 ====================
	Enqueued 246
= cycle 933 ====================
	Dequeued 38
= cycle 934 ====================
	Enqueued 148
	Dequeued 196
	Cleared fifo
= cycle 935 ====================
	Enqueued 27
	Dequeued 27
	Cleared fifo
= cycle 936 ====================
	Enqueued 185
	Dequeued 185
= cycle 937 ====================
	Enqueued 3
	Dequeued 3
= cycle 938 ====================
	Enqueued 102
= cycle 939 ====================
	Enqueued 181
	Dequeued 102
= cycle 940 ====================
	Enqueued 41
= cycle 941 ====================
	Enqueued 53
	Dequeued 181
= cycle 942 ====================
	Enqueued 163
	Dequeued 41
= cycle 943 ====================
	Enqueued 149
	Dequeued 53
= cycle 944 ====================
	Enqueued 36
	Dequeued 163
= cycle 945 ====================
	Enqueued 180
	Dequeued 149
= cycle 946 ====================
	Enqueued 188
	Dequeued 36
= cycle 947 ====================
	Dequeued 180
= cycle 948 ====================
	Enqueued 160
	Dequeued 188
= cycle 949 ====================
	Enqueued 72
	Dequeued 160
= cycle 950 ====================
	Enqueued 61
	Dequeued 72
= cycle 951 ====================
	Enqueued 251
	Dequeued 61
= cycle 952 ====================
	Enqueued 2
	Dequeued 251
= cycle 953 ====================
	Enqueued 167
	Dequeued 2
= cycle 954 ====================
	Enqueued 191
	Dequeued 167
= cycle 955 ====================
	Enqueued 109
	Dequeued 191
= cycle 956 ====================
	Enqueued 188
	Dequeued 109
= cycle 957 ====================
	Enqueued 108
= cycle 958 ====================
	Enqueued 141
	Dequeued 188
= cycle 959 ====================
= cycle 960 ====================
	Enqueued 136
	Dequeued 108
= cycle 961 ====================
	Enqueued 133
	Dequeued 141
	Cleared fifo
= cycle 962 ====================
	Enqueued 104
	Dequeued 104
= cycle 963 ====================
= cycle 964 ====================
	Enqueued 183
= cycle 965 ====================
	Dequeued 183
= cycle 966 ====================
	Enqueued 162
= cycle 967 ====================
	Enqueued 231
= cycle 968 ====================
	Enqueued 245
	Dequeued 162
= cycle 969 ====================
	Enqueued 2
	Dequeued 231
= cycle 970 ====================
	Enqueued 155
	Dequeued 245
= cycle 971 ====================
	Enqueued 91
	Dequeued 2
= cycle 972 ====================
	Enqueued 237
= cycle 973 ====================
	Dequeued 155
= cycle 974 ====================
	Enqueued 74
	Dequeued 91
= cycle 975 ====================
	Enqueued 121
	Dequeued 237
= cycle 976 ====================
	Enqueued 31
	Dequeued 74
= cycle 977 ====================
= cycle 978 ====================
	Enqueued 212
= cycle 979 ====================
	Dequeued 121
= cycle 980 ====================
	Enqueued 56
	Dequeued 31
= cycle 981 ====================
	Enqueued 119
= cycle 982 ====================
	Dequeued 212
= cycle 983 ====================
	Enqueued 228
	Dequeued 56
= cycle 984 ====================
	Dequeued 119
= cycle 985 ====================
	Enqueued 16
	Dequeued 228
= cycle 986 ====================
	Enqueued 127
	Dequeued 16
= cycle 987 ====================
	Dequeued 127
= cycle 988 ====================
= cycle 989 ====================
	Enqueued 146
	Dequeued 146
= cycle 990 ====================
	Enqueued 194
	Dequeued 194
= cycle 991 ====================
	Enqueued 139
= cycle 992 ====================
	Enqueued 43
	Dequeued 139
	Cleared fifo
= cycle 993 ====================
	Enqueued 128
	Dequeued 128
= cycle 994 ====================
= cycle 995 ====================
	Enqueued 134
	Dequeued 134
= cycle 996 ====================
	Enqueued 43
	Dequeued 43
	Cleared fifo
= cycle 997 ====================
	Enqueued 204
	Dequeued 204
= cycle 998 ====================
	Enqueued 140
	Dequeued 140
= cycle 999 ====================
	Enqueued 235
= cycle 1000 ====================
	Enqueued 173
= cycle 1001 ====================
	Enqueued 33
	Dequeued 235
= cycle 1002 ====================
	Dequeued 173
= cycle 1003 ====================
	Enqueued 96
	Dequeued 33
= cycle 1004 ====================
	Enqueued 60
= cycle 1005 ====================
	Enqueued 158
= cycle 1006 ====================
	Dequeued 96
= cycle 1007 ====================
	Enqueued 169
	Dequeued 60
= cycle 1008 ====================
	Enqueued 219
= cycle 1009 ====================
= cycle 1010 ====================
	Dequeued 158
= cycle 1011 ====================
	Dequeued 169
= cycle 1012 ====================
	Enqueued 105
= cycle 1013 ====================
	Enqueued 183
	Dequeued 219
= cycle 1014 ====================
	Enqueued 36
	Dequeued 105
= cycle 1015 ====================
	Dequeued 183
= cycle 1016 ====================
	Enqueued 99
	Dequeued 36
= cycle 1017 ====================
	Dequeued 99
	Cleared fifo
= cycle 1018 ====================
= cycle 1019 ====================
	Enqueued 135
	Dequeued 135
= cycle 1020 ====================
	Cleared fifo
= cycle 1021 ====================
	Enqueued 157
	Dequeued 157
= cycle 1022 ====================
	Enqueued 157
	Dequeued 157
= cycle 1023 ====================
	Enqueued 245
	Dequeued 245
= cycle 1024 ====================
	Enqueued 89
= cycle 1025 ====================
	Enqueued 90
= cycle 1026 ====================
	Dequeued 89
= cycle 1027 ====================
	Enqueued 81
= cycle 1028 ====================
	Dequeued 90
= cycle 1029 ====================
	Enqueued 216
	Dequeued 81
= cycle 1030 ====================
	Enqueued 104
	Dequeued 216
= cycle 1031 ====================
	Enqueued 197
	Dequeued 104
= cycle 1032 ====================
	Enqueued 239
	Dequeued 197
= cycle 1033 ====================
	Enqueued 166
	Dequeued 239
= cycle 1034 ====================
	Dequeued 166
= cycle 1035 ====================
	Enqueued 49
	Dequeued 49
= cycle 1036 ====================
= cycle 1037 ====================
= cycle 1038 ====================
	Enqueued 182
= cycle 1039 ====================
	Enqueued 183
	Dequeued 182
= cycle 1040 ====================
	Dequeued 183
= cycle 1041 ====================
= cycle 1042 ====================
	Enqueued 39
	Dequeued 39
= cycle 1043 ====================
	Enqueued 189
= cycle 1044 ====================
	Enqueued 86
	Dequeued 189
	Cleared fifo
= cycle 1045 ====================
	Enqueued 114
	Dequeued 114
= cycle 1046 ====================
= cycle 1047 ====================
	Enqueued 84
= cycle 1048 ====================
	Enqueued 170
	Dequeued 84
= cycle 1049 ====================
	Enqueued 229
	Dequeued 170
= cycle 1050 ====================
	Enqueued 60
= cycle 1051 ====================
	Dequeued 229
= cycle 1052 ====================
	Dequeued 60
= cycle 1053 ====================
	Enqueued 161
	Dequeued 161
= cycle 1054 ====================
= cycle 1055 ====================
	Enqueued 102
	Dequeued 102
= cycle 1056 ====================
	Enqueued 250
	Dequeued 250
	Cleared fifo
= cycle 1057 ====================
	Enqueued 68
	Dequeued 68
= cycle 1058 ====================
	Enqueued 175
	Cleared fifo
= cycle 1059 ====================
	Enqueued 106
	Dequeued 106
= cycle 1060 ====================
= cycle 1061 ====================
	Enqueued 74
= cycle 1062 ====================
	Enqueued 86
	Dequeued 74
= cycle 1063 ====================
	Enqueued 140
	Dequeued 86
= cycle 1064 ====================
	Enqueued 240
	Dequeued 140
= cycle 1065 ====================
	Dequeued 240
= cycle 1066 ====================
	Enqueued 164
	Dequeued 164
= cycle 1067 ====================
	Enqueued 115
= cycle 1068 ====================
	Enqueued 57
	Dequeued 115
= cycle 1069 ====================
	Enqueued 60
= cycle 1070 ====================
	Enqueued 15
= cycle 1071 ====================
	Dequeued 57
= cycle 1072 ====================
	Dequeued 60
= cycle 1073 ====================
	Enqueued 217
	Dequeued 15
= cycle 1074 ====================
	Enqueued 47
	Dequeued 217
= cycle 1075 ====================
	Enqueued 169
= cycle 1076 ====================
	Enqueued 250
	Dequeued 47
= cycle 1077 ====================
	Enqueued 249
	Dequeued 169
= cycle 1078 ====================
	Enqueued 43
	Dequeued 250
= cycle 1079 ====================
= cycle 1080 ====================
	Enqueued 77
= cycle 1081 ====================
	Dequeued 249
= cycle 1082 ====================
	Dequeued 43
= cycle 1083 ====================
	Dequeued 77
= cycle 1084 ====================
	Enqueued 230
	Dequeued 230
= cycle 1085 ====================
	Enqueued 24
	Dequeued 24
	Cleared fifo
= cycle 1086 ====================
	Enqueued 47
	Dequeued 47
= cycle 1087 ====================
	Enqueued 83
	Dequeued 83
= cycle 1088 ====================
	Enqueued 165
	Dequeued 165
	Cleared fifo
= cycle 1089 ====================
	Enqueued 75
	Dequeued 75
= cycle 1090 ====================
	Enqueued 154
= cycle 1091 ====================
	Dequeued 154
= cycle 1092 ====================
	Enqueued 185
	Dequeued 185
= cycle 1093 ====================
	Enqueued 53
	Dequeued 53
= cycle 1094 ====================
	Enqueued 76
= cycle 1095 ====================
	Enqueued 157
= cycle 1096 ====================
= cycle 1097 ====================
	Enqueued 112
	Dequeued 76
= cycle 1098 ====================
	Enqueued 119
	Dequeued 157
= cycle 1099 ====================
	Dequeued 112
= cycle 1100 ====================
	Enqueued 175
	Dequeued 119
= cycle 1101 ====================
	Enqueued 15
= cycle 1102 ====================
	Dequeued 175
= cycle 1103 ====================
	Enqueued 178
	Dequeued 15
= cycle 1104 ====================
	Enqueued 65
	Dequeued 178
= cycle 1105 ====================
	Enqueued 109
	Dequeued 65
= cycle 1106 ====================
	Enqueued 49
= cycle 1107 ====================
	Enqueued 16
	Dequeued 109
= cycle 1108 ====================
	Enqueued 54
	Dequeued 49
= cycle 1109 ====================
= cycle 1110 ====================
	Enqueued 1
	Dequeued 16
= cycle 1111 ====================
= cycle 1112 ====================
	Enqueued 109
= cycle 1113 ====================
	Dequeued 54
= cycle 1114 ====================
	Enqueued 6
	Dequeued 1
= cycle 1115 ====================
	Dequeued 109
= cycle 1116 ====================
	Enqueued 121
	Dequeued 6
= cycle 1117 ====================
	Enqueued 104
	Dequeued 121
= cycle 1118 ====================
	Dequeued 104
= cycle 1119 ====================
	Enqueued 161
	Dequeued 161
	Cleared fifo
= cycle 1120 ====================
	Enqueued 176
	Dequeued 176
= cycle 1121 ====================
= cycle 1122 ====================
	Enqueued 208
	Dequeued 208
= cycle 1123 ====================
	Enqueued 30
	Dequeued 30
= cycle 1124 ====================
	Enqueued 119
	Dequeued 119
= cycle 1125 ====================
	Enqueued 217
	Dequeued 217
= cycle 1126 ====================
	Enqueued 201
	Dequeued 201
= cycle 1127 ====================
	Enqueued 91
	Dequeued 91
= cycle 1128 ====================
	Enqueued 126
= cycle 1129 ====================
	Enqueued 9
	Dequeued 126
= cycle 1130 ====================
	Dequeued 9
= cycle 1131 ====================
	Enqueued 192
	Dequeued 192
= cycle 1132 ====================
	Enqueued 134
	Dequeued 134
= cycle 1133 ====================
	Enqueued 149
	Dequeued 149
= cycle 1134 ====================
	Enqueued 197
	Dequeued 197
= cycle 1135 ====================
	Enqueued 61
= cycle 1136 ====================
	Dequeued 61
= cycle 1137 ====================
	Enqueued 106
	Dequeued 106
= cycle 1138 ====================
	Enqueued 164
= cycle 1139 ====================
	Enqueued 20
	Dequeued 164
= cycle 1140 ====================
	Enqueued 71
	Dequeued 20
= cycle 1141 ====================
	Enqueued 17
	Dequeued 71
= cycle 1142 ====================
	Enqueued 62
	Dequeued 17
= cycle 1143 ====================
	Enqueued 67
	Dequeued 62
= cycle 1144 ====================
	Dequeued 67
= cycle 1145 ====================
	Cleared fifo
= cycle 1146 ====================
= cycle 1147 ====================
	Enqueued 168
	Dequeued 168
= cycle 1148 ====================
= cycle 1149 ====================
	Enqueued 244
= cycle 1150 ====================
	Enqueued 9
	Dequeued 244
= cycle 1151 ====================
	Dequeued 9
= cycle 1152 ====================
= cycle 1153 ====================
	Enqueued 213
= cycle 1154 ====================
	Enqueued 237
	Dequeued 213
= cycle 1155 ====================
	Enqueued 35
	Dequeued 237
= cycle 1156 ====================
	Enqueued 127
	Dequeued 35
= cycle 1157 ====================
	Enqueued 87
	Dequeued 127
= cycle 1158 ====================
	Dequeued 87
	Cleared fifo
= cycle 1159 ====================
	Enqueued 55
= cycle 1160 ====================
	Enqueued 158
	Dequeued 55
= cycle 1161 ====================
	Enqueued 4
= cycle 1162 ====================
	Enqueued 53
	Dequeued 158
= cycle 1163 ====================
	Enqueued 165
	Dequeued 4
= cycle 1164 ====================
	Dequeued 53
= cycle 1165 ====================
	Dequeued 165
= cycle 1166 ====================
	Enqueued 145
	Dequeued 145
= cycle 1167 ====================
	Enqueued 159
	Dequeued 159
= cycle 1168 ====================
	Enqueued 184
= cycle 1169 ====================
	Dequeued 184
= cycle 1170 ====================
	Enqueued 104
	Dequeued 104
= cycle 1171 ====================
	Enqueued 66
	Dequeued 66
= cycle 1172 ====================
	Enqueued 70
	Dequeued 70
	Cleared fifo
= cycle 1173 ====================
= cycle 1174 ====================
	Enqueued 44
	Dequeued 44
= cycle 1175 ====================
= cycle 1176 ====================
	Enqueued 116
	Dequeued 116
= cycle 1177 ====================
	Enqueued 4
= cycle 1178 ====================
	Enqueued 12
	Dequeued 4
= cycle 1179 ====================
	Dequeued 12
= cycle 1180 ====================
	Enqueued 115
	Dequeued 115
= cycle 1181 ====================
= cycle 1182 ====================
	Enqueued 149
= cycle 1183 ====================
	Enqueued 47
	Dequeued 149
= cycle 1184 ====================
	Enqueued 108
= cycle 1185 ====================
	Dequeued 47
= cycle 1186 ====================
	Enqueued 162
	Dequeued 108
= cycle 1187 ====================
	Enqueued 1
	Dequeued 162
	Cleared fifo
= cycle 1188 ====================
	Enqueued 65
	Dequeued 65
= cycle 1189 ====================
	Enqueued 16
	Dequeued 16
	Cleared fifo
= cycle 1190 ====================
	Enqueued 109
	Dequeued 109
= cycle 1191 ====================
	Enqueued 35
	Dequeued 35
= cycle 1192 ====================
	Enqueued 128
	Dequeued 128
= cycle 1193 ====================
	Enqueued 50
= cycle 1194 ====================
	Enqueued 53
	Dequeued 50
= cycle 1195 ====================
	Enqueued 254
	Dequeued 53
= cycle 1196 ====================
	Enqueued 29
	Dequeued 254
	Cleared fifo
= cycle 1197 ====================
= cycle 1198 ====================
	Enqueued 109
= cycle 1199 ====================
	Enqueued 102
	Dequeued 109
	Cleared fifo
= cycle 1200 ====================
	Enqueued 251
	Dequeued 251
= cycle 1201 ====================
= cycle 1202 ====================
= cycle 1203 ====================
	Enqueued 17
	Dequeued 17
= cycle 1204 ====================
= cycle 1205 ====================
	Enqueued 118
= cycle 1206 ====================
	Dequeued 118
= cycle 1207 ====================
	Enqueued 195
	Dequeued 195
= cycle 1208 ====================
	Enqueued 179
= cycle 1209 ====================
	Enqueued 102
	Dequeued 179
= cycle 1210 ====================
	Enqueued 116
= cycle 1211 ====================
	Enqueued 98
	Dequeued 102
= cycle 1212 ====================
	Enqueued 69
= cycle 1213 ====================
	Dequeued 116
= cycle 1214 ====================
	Dequeued 98
= cycle 1215 ====================
	Enqueued 166
	Dequeued 69
	Cleared fifo
= cycle 1216 ====================
	Enqueued 41
	Dequeued 41
= cycle 1217 ====================
	Enqueued 215
	Dequeued 215
= cycle 1218 ====================
	Enqueued 59
	Dequeued 59
= cycle 1219 ====================
= cycle 1220 ====================
	Enqueued 149
	Cleared fifo
= cycle 1221 ====================
	Enqueued 150
= cycle 1222 ====================
	Enqueued 254
	Dequeued 150
= cycle 1223 ====================
	Enqueued 104
	Dequeued 254
= cycle 1224 ====================
	Enqueued 59
	Dequeued 104
= cycle 1225 ====================
	Enqueued 245
= cycle 1226 ====================
	Enqueued 163
	Dequeued 59
= cycle 1227 ====================
	Enqueued 179
	Dequeued 245
= cycle 1228 ====================
	Enqueued 121
	Dequeued 163
= cycle 1229 ====================
	Enqueued 181
	Dequeued 179
	Cleared fifo
= cycle 1230 ====================
	Enqueued 196
	Dequeued 196
= cycle 1231 ====================
	Enqueued 200
= cycle 1232 ====================
	Enqueued 93
	Dequeued 200
= cycle 1233 ====================
	Enqueued 1
	Dequeued 93
= cycle 1234 ====================
	Enqueued 161
	Dequeued 1
= cycle 1235 ====================
	Enqueued 205
	Dequeued 161
= cycle 1236 ====================
	Enqueued 216
	Dequeued 205
= cycle 1237 ====================
	Enqueued 232
	Dequeued 216
= cycle 1238 ====================
	Enqueued 241
	Dequeued 232
= cycle 1239 ====================
	Enqueued 238
= cycle 1240 ====================
	Enqueued 117
	Dequeued 241
= cycle 1241 ====================
	Enqueued 69
	Dequeued 238
= cycle 1242 ====================
	Enqueued 115
	Dequeued 117
= cycle 1243 ====================
	Enqueued 186
	Cleared fifo
= cycle 1244 ====================
	Enqueued 151
	Dequeued 151
= cycle 1245 ====================
	Enqueued 87
= cycle 1246 ====================
	Enqueued 250
	Dequeued 87
= cycle 1247 ====================
	Dequeued 250
= cycle 1248 ====================
	Enqueued 145
= cycle 1249 ====================
	Enqueued 244
	Dequeued 145
= cycle 1250 ====================
	Enqueued 75
	Dequeued 244
= cycle 1251 ====================
	Enqueued 212
= cycle 1252 ====================
	Enqueued 12
= cycle 1253 ====================
	Dequeued 75
= cycle 1254 ====================
	Enqueued 26
= cycle 1255 ====================
	Dequeued 212
= cycle 1256 ====================
	Enqueued 5
= cycle 1257 ====================
	Dequeued 12
= cycle 1258 ====================
= cycle 1259 ====================
	Dequeued 26
= cycle 1260 ====================
	Enqueued 139
	Dequeued 5
= cycle 1261 ====================
= cycle 1262 ====================
	Dequeued 139
= cycle 1263 ====================
	Enqueued 235
	Dequeued 235
	Cleared fifo
= cycle 1264 ====================
	Enqueued 173
	Dequeued 173
	Cleared fifo
= cycle 1265 ====================
	Enqueued 217
	Dequeued 217
= cycle 1266 ====================
	Enqueued 82
	Dequeued 82
= cycle 1267 ====================
	Enqueued 215
	Dequeued 215
= cycle 1268 ====================
	Enqueued 79
	Dequeued 79
= cycle 1269 ====================
	Enqueued 202
	Dequeued 202
= cycle 1270 ====================
= cycle 1271 ====================
	Enqueued 9
	Dequeued 9
= cycle 1272 ====================
	Enqueued 243
	Dequeued 243
= cycle 1273 ====================
	Enqueued 140
	Dequeued 140
= cycle 1274 ====================
= cycle 1275 ====================
	Enqueued 148
	Dequeued 148
= cycle 1276 ====================
	Enqueued 173
	Dequeued 173
= cycle 1277 ====================
= cycle 1278 ====================
	Enqueued 177
	Dequeued 177
= cycle 1279 ====================
	Enqueued 48
	Dequeued 48
= cycle 1280 ====================
	Enqueued 165
	Dequeued 165
= cycle 1281 ====================
	Enqueued 214
= cycle 1282 ====================
	Dequeued 214
= cycle 1283 ====================
	Enqueued 177
	Dequeued 177
= cycle 1284 ====================
	Enqueued 159
	Dequeued 159
= cycle 1285 ====================
= cycle 1286 ====================
	Enqueued 157
	Dequeued 157
= cycle 1287 ====================
	Enqueued 210
	Dequeued 210
= cycle 1288 ====================
	Enqueued 65
	Dequeued 65
= cycle 1289 ====================
	Enqueued 5
	Dequeued 5
= cycle 1290 ====================
	Enqueued 53
	Dequeued 53
= cycle 1291 ====================
	Enqueued 49
	Dequeued 49
= cycle 1292 ====================
	Enqueued 19
	Cleared fifo
= cycle 1293 ====================
	Enqueued 52
= cycle 1294 ====================
	Enqueued 105
	Dequeued 52
= cycle 1295 ====================
	Enqueued 168
	Dequeued 105
= cycle 1296 ====================
	Enqueued 114
= cycle 1297 ====================
	Enqueued 25
	Dequeued 168
= cycle 1298 ====================
	Dequeued 114
= cycle 1299 ====================
= cycle 1300 ====================
	Dequeued 25
= cycle 1301 ====================
= cycle 1302 ====================
	Enqueued 248
	Dequeued 248
= cycle 1303 ====================
	Enqueued 199
	Dequeued 199
= cycle 1304 ====================
	Enqueued 69
	Dequeued 69
= cycle 1305 ====================
= cycle 1306 ====================
	Enqueued 205
= cycle 1307 ====================
	Dequeued 205
	Cleared fifo
= cycle 1308 ====================
	Enqueued 89
	Dequeued 89
= cycle 1309 ====================
	Enqueued 91
	Dequeued 91
= cycle 1310 ====================
	Enqueued 125
	Dequeued 125
= cycle 1311 ====================
	Enqueued 249
= cycle 1312 ====================
	Enqueued 12
	Dequeued 249
= cycle 1313 ====================
	Dequeued 12
= cycle 1314 ====================
	Enqueued 42
	Dequeued 42
= cycle 1315 ====================
= cycle 1316 ====================
	Enqueued 92
	Dequeued 92
= cycle 1317 ====================
= cycle 1318 ====================
	Cleared fifo
= cycle 1319 ====================
	Enqueued 127
= cycle 1320 ====================
	Enqueued 211
	Dequeued 127
= cycle 1321 ====================
	Dequeued 211
= cycle 1322 ====================
	Enqueued 107
	Dequeued 107
	Cleared fifo
= cycle 1323 ====================
	Enqueued 135
	Dequeued 135
	Cleared fifo
= cycle 1324 ====================
= cycle 1325 ====================
	Cleared fifo
= cycle 1326 ====================
	Enqueued 165
= cycle 1327 ====================
	Dequeued 165
= cycle 1328 ====================
= cycle 1329 ====================
	Enqueued 73
= cycle 1330 ====================
	Enqueued 213
	Dequeued 73
= cycle 1331 ====================
	Enqueued 99
	Dequeued 213
= cycle 1332 ====================
	Cleared fifo
= cycle 1333 ====================
	Enqueued 129
= cycle 1334 ====================
	Dequeued 129
= cycle 1335 ====================
	Enqueued 90
	Dequeued 90
= cycle 1336 ====================
	Enqueued 217
	Dequeued 217
= cycle 1337 ====================
	Enqueued 202
	Dequeued 202
= cycle 1338 ====================
	Cleared fifo
= cycle 1339 ====================
= cycle 1340 ====================
= cycle 1341 ====================
	Enqueued 165
	Dequeued 165
= cycle 1342 ====================
	Enqueued 55
	Dequeued 55
= cycle 1343 ====================
	Enqueued 4
	Dequeued 4
= cycle 1344 ====================
	Enqueued 20
	Dequeued 20
= cycle 1345 ====================
= cycle 1346 ====================
= cycle 1347 ====================
	Enqueued 183
= cycle 1348 ====================
	Enqueued 167
	Dequeued 183
= cycle 1349 ====================
	Dequeued 167
= cycle 1350 ====================
	Enqueued 48
	Dequeued 48
= cycle 1351 ====================
	Enqueued 74
	Dequeued 74
= cycle 1352 ====================
	Enqueued 210
	Dequeued 210
= cycle 1353 ====================
= cycle 1354 ====================
	Enqueued 54
	Dequeued 54
= cycle 1355 ====================
	Enqueued 12
	Dequeued 12
= cycle 1356 ====================
	Enqueued 62
= cycle 1357 ====================
	Cleared fifo
= cycle 1358 ====================
	Enqueued 116
	Dequeued 116
= cycle 1359 ====================
	Enqueued 144
= cycle 1360 ====================
	Enqueued 215
= cycle 1361 ====================
	Enqueued 20
	Dequeued 144
= cycle 1362 ====================
	Enqueued 128
	Dequeued 215
= cycle 1363 ====================
	Dequeued 20
= cycle 1364 ====================
= cycle 1365 ====================
	Dequeued 128
= cycle 1366 ====================
= cycle 1367 ====================
	Enqueued 80
	Dequeued 80
= cycle 1368 ====================
	Enqueued 128
	Dequeued 128
= cycle 1369 ====================
	Enqueued 14
	Dequeued 14
= cycle 1370 ====================
= cycle 1371 ====================
	Enqueued 10
	Dequeued 10
= cycle 1372 ====================
	Enqueued 155
	Dequeued 155
= cycle 1373 ====================
= cycle 1374 ====================
	Enqueued 239
	Cleared fifo
= cycle 1375 ====================
	Enqueued 242
	Cleared fifo
= cycle 1376 ====================
	Enqueued 130
	Dequeued 130
= cycle 1377 ====================
	Enqueued 130
	Dequeued 130
	Cleared fifo
= cycle 1378 ====================
	Enqueued 252
	Dequeued 252
= cycle 1379 ====================
	Enqueued 149
= cycle 1380 ====================
	Enqueued 181
	Cleared fifo
= cycle 1381 ====================
= cycle 1382 ====================
= cycle 1383 ====================
	Enqueued 98
	Dequeued 98
= cycle 1384 ====================
	Enqueued 248
= cycle 1385 ====================
	Dequeued 248
= cycle 1386 ====================
= cycle 1387 ====================
	Enqueued 110
= cycle 1388 ====================
= cycle 1389 ====================
	Dequeued 110
= cycle 1390 ====================
	Enqueued 192
	Dequeued 192
= cycle 1391 ====================
	Enqueued 72
= cycle 1392 ====================
	Enqueued 29
	Cleared fifo
= cycle 1393 ====================
	Enqueued 18
	Dequeued 18
= cycle 1394 ====================
	Cleared fifo
= cycle 1395 ====================
	Enqueued 77
= cycle 1396 ====================
	Dequeued 77
= cycle 1397 ====================
= cycle 1398 ====================
	Enqueued 20
	Dequeued 20
= cycle 1399 ====================
	Enqueued 228
	Dequeued 228
= cycle 1400 ====================
	Enqueued 122
	Dequeued 122
= cycle 1401 ====================
= cycle 1402 ====================
	Enqueued 94
	Dequeued 94
= cycle 1403 ====================
	Enqueued 137
= cycle 1404 ====================
	Enqueued 207
	Dequeued 137
= cycle 1405 ====================
	Enqueued 207
	Dequeued 207
= cycle 1406 ====================
	Dequeued 207
= cycle 1407 ====================
= cycle 1408 ====================
	Enqueued 54
	Dequeued 54
= cycle 1409 ====================
	Enqueued 99
= cycle 1410 ====================
	Enqueued 202
= cycle 1411 ====================
	Enqueued 172
	Dequeued 99
= cycle 1412 ====================
	Enqueued 28
= cycle 1413 ====================
= cycle 1414 ====================
	Dequeued 202
= cycle 1415 ====================
	Enqueued 237
= cycle 1416 ====================
= cycle 1417 ====================
	Dequeued 172
= cycle 1418 ====================
	Enqueued 100
	Dequeued 28
= cycle 1419 ====================
	Enqueued 13
	Dequeued 237
	Cleared fifo
= cycle 1420 ====================
	Enqueued 123
	Dequeued 123
= cycle 1421 ====================
= cycle 1422 ====================
	Enqueued 242
= cycle 1423 ====================
	Enqueued 155
	Dequeued 242
= cycle 1424 ====================
	Enqueued 175
	Dequeued 155
= cycle 1425 ====================
	Enqueued 152
	Dequeued 175
	Cleared fifo
= cycle 1426 ====================
= cycle 1427 ====================
	Enqueued 163
= cycle 1428 ====================
	Enqueued 127
	Dequeued 163
= cycle 1429 ====================
	Enqueued 213
	Dequeued 127
= cycle 1430 ====================
	Enqueued 128
	Dequeued 213
= cycle 1431 ====================
	Enqueued 185
	Dequeued 128
= cycle 1432 ====================
	Enqueued 146
	Dequeued 185
= cycle 1433 ====================
	Finished Test
	Output count = 949
